Using pre-set license
Built from '2022.3/release' branch; Version is '2022.3.12f1 (4fe6e059c7ef) revision 5236448'; Using compiler version '192829333'; Build Type 'Release'
OS: 'Windows 10  (10.0.19044) 64bit Professional' Language: 'ru' Physical Memory: 12239 MB
BatchMode: 1, IsHumanControllingUs: 0, StartBugReporterOnCrash: 0, Is64bit: 1, IsPro: 1

COMMAND LINE ARGUMENTS:
C:\Program Files\Unity\Hub\Editor\2022.3.12f1\Editor\Unity.exe
-adb2
-batchMode
-noUpm
-name
AssetImportWorker1
-projectPath
D:/Unity/Swamp-Attack
-logFile
Logs/AssetImportWorker1.log
-srvPort
57308
Successfully changed project path to: D:/Unity/Swamp-Attack
D:/Unity/Swamp-Attack
[UnityMemory] Configuration Parameters - Can be set up in boot.config
    "memorysetup-bucket-allocator-granularity=16"
    "memorysetup-bucket-allocator-bucket-count=8"
    "memorysetup-bucket-allocator-block-size=33554432"
    "memorysetup-bucket-allocator-block-count=8"
    "memorysetup-main-allocator-block-size=16777216"
    "memorysetup-thread-allocator-block-size=16777216"
    "memorysetup-gfx-main-allocator-block-size=16777216"
    "memorysetup-gfx-thread-allocator-block-size=16777216"
    "memorysetup-cache-allocator-block-size=4194304"
    "memorysetup-typetree-allocator-block-size=2097152"
    "memorysetup-profiler-bucket-allocator-granularity=16"
    "memorysetup-profiler-bucket-allocator-bucket-count=8"
    "memorysetup-profiler-bucket-allocator-block-size=33554432"
    "memorysetup-profiler-bucket-allocator-block-count=8"
    "memorysetup-profiler-allocator-block-size=16777216"
    "memorysetup-profiler-editor-allocator-block-size=1048576"
    "memorysetup-temp-allocator-size-main=16777216"
    "memorysetup-job-temp-allocator-block-size=2097152"
    "memorysetup-job-temp-allocator-block-size-background=1048576"
    "memorysetup-job-temp-allocator-reduction-small-platforms=262144"
    "memorysetup-allocator-temp-initial-block-size-main=262144"
    "memorysetup-allocator-temp-initial-block-size-worker=262144"
    "memorysetup-temp-allocator-size-background-worker=32768"
    "memorysetup-temp-allocator-size-job-worker=262144"
    "memorysetup-temp-allocator-size-preload-manager=33554432"
    "memorysetup-temp-allocator-size-nav-mesh-worker=65536"
    "memorysetup-temp-allocator-size-audio-worker=65536"
    "memorysetup-temp-allocator-size-cloud-worker=32768"
    "memorysetup-temp-allocator-size-gi-baking-worker=262144"
    "memorysetup-temp-allocator-size-gfx=262144"
Player connection [23276] Host "[IP] 192.168.1.101 [Port] 0 [Flags] 2 [Guid] 911200672 [EditorId] 911200672 [Version] 1048832 [Id] WindowsEditor(7,WIN-4LVBF6F6972) [Debug] 1 [PackageName] WindowsEditor [ProjectName] Editor" joined multi-casting on [225.0.0.222:54997]...

Player connection [23276] Host "[IP] 192.168.1.101 [Port] 0 [Flags] 2 [Guid] 911200672 [EditorId] 911200672 [Version] 1048832 [Id] WindowsEditor(7,WIN-4LVBF6F6972) [Debug] 1 [PackageName] WindowsEditor [ProjectName] Editor" joined alternative multi-casting on [225.0.0.222:34997]...

[Physics::Module] Initialized MultithreadedJobDispatcher with 11 workers.
Refreshing native plugins compatible for Editor in 10.24 ms, found 4 plugins.
Preloading 0 native plugins for Editor in 0.00 ms.
Initialize engine version: 2022.3.12f1 (4fe6e059c7ef)
[Subsystems] Discovering subsystems at path C:/Program Files/Unity/Hub/Editor/2022.3.12f1/Editor/Data/Resources/UnitySubsystems
[Subsystems] Discovering subsystems at path D:/Unity/Swamp-Attack/Assets
GfxDevice: creating device client; threaded=0; jobified=0
Direct3D:
    Version:  Direct3D 11.0 [level 11.1]
    Renderer: NVIDIA GeForce RTX 3060 (ID=0x2544)
    Vendor:   NVIDIA
    VRAM:     8050 MB
    Driver:   31.0.15.4592
Initialize mono
Mono path[0] = 'C:/Program Files/Unity/Hub/Editor/2022.3.12f1/Editor/Data/Managed'
Mono path[1] = 'C:/Program Files/Unity/Hub/Editor/2022.3.12f1/Editor/Data/MonoBleedingEdge/lib/mono/unityjit-win32'
Mono config path = 'C:/Program Files/Unity/Hub/Editor/2022.3.12f1/Editor/Data/MonoBleedingEdge/etc'
Using monoOptions --debugger-agent=transport=dt_socket,embedding=1,server=y,suspend=n,address=127.0.0.1:56568
Begin MonoManager ReloadAssembly
Registering precompiled unity dll's ...
Register platform support module: C:/Program Files/Unity/Hub/Editor/2022.3.12f1/Editor/Data/PlaybackEngines/AndroidPlayer/UnityEditor.Android.Extensions.dll
Register platform support module: C:/Program Files/Unity/Hub/Editor/2022.3.12f1/Editor/Data/PlaybackEngines/WindowsStandaloneSupport/UnityEditor.WindowsStandalone.Extensions.dll
Registered in 0.007686 seconds.
- Loaded All Assemblies, in  0.423 seconds
Native extension for WindowsStandalone target not found
Native extension for Android target not found
Android Extension - Scanning For ADB Devices 281 ms
Mono: successfully reloaded assembly
- Finished resetting the current domain, in  0.671 seconds
Domain Reload Profiling: 1094ms
	BeginReloadAssembly (123ms)
		ExecutionOrderSort (0ms)
		DisableScriptedObjects (0ms)
		BackupInstance (0ms)
		ReleaseScriptingObjects (0ms)
		CreateAndSetChildDomain (1ms)
	RebuildCommonClasses (44ms)
	RebuildNativeTypeToScriptingClass (14ms)
	initialDomainReloadingComplete (65ms)
	LoadAllAssembliesAndSetupDomain (178ms)
		LoadAssemblies (121ms)
		RebuildTransferFunctionScriptingTraits (0ms)
		AnalyzeDomain (175ms)
			TypeCache.Refresh (174ms)
				TypeCache.ScanAssembly (160ms)
			ScanForSourceGeneratedMonoScriptInfo (0ms)
			ResolveRequiredComponents (1ms)
	FinalizeReload (671ms)
		ReleaseScriptCaches (0ms)
		RebuildScriptCaches (0ms)
		SetupLoadedEditorAssemblies (600ms)
			LogAssemblyErrors (0ms)
			InitializePlatformSupportModulesInManaged (410ms)
			SetLoadedEditorAssemblies (4ms)
			RefreshPlugins (0ms)
			BeforeProcessingInitializeOnLoad (2ms)
			ProcessInitializeOnLoadAttributes (126ms)
			ProcessInitializeOnLoadMethodAttributes (57ms)
			AfterProcessingInitializeOnLoad (0ms)
			EditorAssembliesLoaded (0ms)
		ExecutionOrderSort2 (0ms)
		AwakeInstancesAfterBackupRestoration (0ms)
========================================================================
Worker process is ready to serve import requests
Begin MonoManager ReloadAssembly
- Loaded All Assemblies, in  0.762 seconds
Refreshing native plugins compatible for Editor in 3.34 ms, found 4 plugins.
Native extension for WindowsStandalone target not found
Native extension for Android target not found
Package Manager log level set to [2]
[Package Manager] Server::EnsureServerProcessIsRunning -- launch failed, reason: Unity was launched with the -noUpm command-line argument
[Package Manager] UpmClient::Send -- Unable to send message (not connected to UPM process).
[Package Manager] Cannot connect to Unity Package Manager local server
Mono: successfully reloaded assembly
- Finished resetting the current domain, in  0.742 seconds
Domain Reload Profiling: 1504ms
	BeginReloadAssembly (175ms)
		ExecutionOrderSort (0ms)
		DisableScriptedObjects (7ms)
		BackupInstance (0ms)
		ReleaseScriptingObjects (0ms)
		CreateAndSetChildDomain (25ms)
	RebuildCommonClasses (41ms)
	RebuildNativeTypeToScriptingClass (13ms)
	initialDomainReloadingComplete (47ms)
	LoadAllAssembliesAndSetupDomain (485ms)
		LoadAssemblies (354ms)
		RebuildTransferFunctionScriptingTraits (0ms)
		AnalyzeDomain (231ms)
			TypeCache.Refresh (194ms)
				TypeCache.ScanAssembly (173ms)
			ScanForSourceGeneratedMonoScriptInfo (29ms)
			ResolveRequiredComponents (7ms)
	FinalizeReload (743ms)
		ReleaseScriptCaches (0ms)
		RebuildScriptCaches (0ms)
		SetupLoadedEditorAssemblies (546ms)
			LogAssemblyErrors (0ms)
			InitializePlatformSupportModulesInManaged (28ms)
			SetLoadedEditorAssemblies (4ms)
			RefreshPlugins (0ms)
			BeforeProcessingInitializeOnLoad (83ms)
			ProcessInitializeOnLoadAttributes (381ms)
			ProcessInitializeOnLoadMethodAttributes (47ms)
			AfterProcessingInitializeOnLoad (4ms)
			EditorAssembliesLoaded (0ms)
		ExecutionOrderSort2 (0ms)
		AwakeInstancesAfterBackupRestoration (7ms)
Launched and connected shader compiler UnityShaderCompiler.exe after 0.08 seconds
Refreshing native plugins compatible for Editor in 3.36 ms, found 4 plugins.
Preloading 0 native plugins for Editor in 0.00 ms.
Unloading 4052 Unused Serialized files (Serialized files now loaded: 0)
Unloading 70 unused Assets / (245.3 KB). Loaded Objects now: 4512.
Memory consumption went from 152.7 MB to 152.4 MB.
Total: 4.562100 ms (FindLiveObjects: 0.377700 ms CreateObjectMapping: 0.112900 ms MarkObjects: 3.793500 ms  DeleteObjects: 0.276400 ms)

AssetImportParameters requested are different than current active one (requested -> active):
  custom:container-demuxer-ogg: 62fdf1f143b41e24485cea50d1cbac27 -> 
  custom:video-decoder-ogg-theora: a1e56fd34408186e4bbccfd4996cb3dc -> 
  custom:framework-win-MediaFoundation: 216162199b28c13a410421893ffa2e32 -> 
  custom:container-demuxer-webm: 4f35f7cbe854078d1ac9338744f61a02 -> 
  custom:container-muxer-webm: aa71ff27fc2769a1b78a27578f13a17b -> 
  custom:video-decoder-webm-vp8: 9c59270c3fd7afecdb556c50c9e8de78 -> 
  custom:SearchIndexIgnoredProperties: e643bd26f0fe6173181afceb89e7c659 -> 
  custom:AudioImporter_EditorPlatform: d09bf68614088b80899f8185d706f6e7 -> 
  custom:video-encoder-webm-vp8: eb34c28f22e8b96e1ab97ce403110664 -> 
  custom:audio-decoder-ogg-vorbis: bf7c407c2cedff20999df2af8eb42d56 -> 
  custom:audio-encoder-webm-vorbis: bf7c407c2cedff20999df2af8eb42d56 -> 
========================================================================
Received Import Request.
  Time since last request: 81803.335738 seconds.
  path: Assets/Sprits/SwampAttackAsset
  artifactKey: Guid(14097c20adbb3a54db1d26b137a20f39) Importer(815301076,1909f56bfc062723c751e8b465ee728b)
Start importing Assets/Sprits/SwampAttackAsset using Guid(14097c20adbb3a54db1d26b137a20f39) Importer(815301076,1909f56bfc062723c751e8b465ee728b)  -> (artifact id: '24c7c4115d311f830cb08563c2b1e9f9') in 0.002873 seconds
Number of updated asset objects reloaded before import = 0
Number of asset objects unloaded after import = 0
========================================================================
Received Prepare
Refreshing native plugins compatible for Editor in 3.51 ms, found 4 plugins.
Preloading 0 native plugins for Editor in 0.00 ms.
Unloading 6 Unused Serialized files (Serialized files now loaded: 0)
Unloading 7 unused Assets / (196.4 KB). Loaded Objects now: 4512.
Memory consumption went from 85.2 MB to 85.0 MB.
Total: 4.377900 ms (FindLiveObjects: 0.400000 ms CreateObjectMapping: 0.125100 ms MarkObjects: 3.687300 ms  DeleteObjects: 0.164300 ms)

Prepare: number of updated asset objects reloaded= 0
AssetImportParameters requested are different than current active one (requested -> active):
  custom:container-demuxer-ogg: 62fdf1f143b41e24485cea50d1cbac27 -> 
  custom:video-decoder-ogg-theora: a1e56fd34408186e4bbccfd4996cb3dc -> 
  custom:framework-win-MediaFoundation: 216162199b28c13a410421893ffa2e32 -> 
  custom:CustomObjectIndexerAttribute: 756ad292c208cfabdd7b50bc23989ffe -> 
  custom:container-demuxer-webm: 4f35f7cbe854078d1ac9338744f61a02 -> 
  custom:container-muxer-webm: aa71ff27fc2769a1b78a27578f13a17b -> 
  custom:video-decoder-webm-vp8: 9c59270c3fd7afecdb556c50c9e8de78 -> 
  custom:SearchIndexIgnoredProperties: e643bd26f0fe6173181afceb89e7c659 -> 
  custom:AudioImporter_EditorPlatform: d09bf68614088b80899f8185d706f6e7 -> 
  custom:video-encoder-webm-vp8: eb34c28f22e8b96e1ab97ce403110664 -> 
  custom:audio-decoder-ogg-vorbis: bf7c407c2cedff20999df2af8eb42d56 -> 
  custom:audio-encoder-webm-vorbis: bf7c407c2cedff20999df2af8eb42d56 -> 
========================================================================
Received Import Request.
  Time since last request: 16.686608 seconds.
  path: Assets/Sprits/SwampAttackAsset/PaperUIKit
  artifactKey: Guid(6d7b2e4d24e352244abbc3b575c05679) Importer(815301076,1909f56bfc062723c751e8b465ee728b)
Start importing Assets/Sprits/SwampAttackAsset/PaperUIKit using Guid(6d7b2e4d24e352244abbc3b575c05679) Importer(815301076,1909f56bfc062723c751e8b465ee728b)  -> (artifact id: '30b75a356168e434b4a3575554d3f41e') in 0.000931 seconds
Number of updated asset objects reloaded before import = 0
Number of asset objects unloaded after import = 0
========================================================================
Received Import Request.
  Time since last request: 1.261697 seconds.
  path: Assets/Sprits/SwampAttackAsset/PaperUIKit/Pngs/BlueButtonPressed.png
  artifactKey: Guid(ee0825126ef996141b7f67f8b96f3077) Importer(815301076,1909f56bfc062723c751e8b465ee728b)
Start importing Assets/Sprits/SwampAttackAsset/PaperUIKit/Pngs/BlueButtonPressed.png using Guid(ee0825126ef996141b7f67f8b96f3077) Importer(815301076,1909f56bfc062723c751e8b465ee728b)  -> (artifact id: 'a844042fa377ae419a6d4f81c7b31af3') in 0.087742 seconds
Number of updated asset objects reloaded before import = 0
Number of asset objects unloaded after import = 3
========================================================================
Received Import Request.
  Time since last request: 0.000015 seconds.
  path: Assets/Sprits/SwampAttackAsset/PaperUIKit/Pngs/TickBox.png
  artifactKey: Guid(27dcd8a4f6ee3ed46b17aeca9c5307a9) Importer(815301076,1909f56bfc062723c751e8b465ee728b)
Start importing Assets/Sprits/SwampAttackAsset/PaperUIKit/Pngs/TickBox.png using Guid(27dcd8a4f6ee3ed46b17aeca9c5307a9) Importer(815301076,1909f56bfc062723c751e8b465ee728b)  -> (artifact id: '75f9f0c9479870bb2db580b8f4b450b6') in 0.015615 seconds
Number of updated asset objects reloaded before import = 0
Number of asset objects unloaded after import = 3
========================================================================
Received Import Request.
  Time since last request: 0.000016 seconds.
  path: Assets/Sprits/SwampAttackAsset/PaperUIKit/Pngs/EmptyScoreBar.png
  artifactKey: Guid(417e16f243f24654b9c20ce9e2091a60) Importer(815301076,1909f56bfc062723c751e8b465ee728b)
Start importing Assets/Sprits/SwampAttackAsset/PaperUIKit/Pngs/EmptyScoreBar.png using Guid(417e16f243f24654b9c20ce9e2091a60) Importer(815301076,1909f56bfc062723c751e8b465ee728b)  -> (artifact id: '2e002ff37c1c576f88dfc579757a45ba') in 0.013900 seconds
Number of updated asset objects reloaded before import = 0
Number of asset objects unloaded after import = 3
========================================================================
Received Import Request.
  Time since last request: 0.000024 seconds.
  path: Assets/Sprits/SwampAttackAsset/PaperUIKit/Pngs/RedTitle.png
  artifactKey: Guid(1ddc723d40409954ca000ff8cf59496e) Importer(815301076,1909f56bfc062723c751e8b465ee728b)
Start importing Assets/Sprits/SwampAttackAsset/PaperUIKit/Pngs/RedTitle.png using Guid(1ddc723d40409954ca000ff8cf59496e) Importer(815301076,1909f56bfc062723c751e8b465ee728b)  -> (artifact id: '96fd07b7fe52cf2cf41be0b16ff189e1') in 0.018224 seconds
Number of updated asset objects reloaded before import = 0
Number of asset objects unloaded after import = 3
========================================================================
Received Import Request.
  Time since last request: 0.000014 seconds.
  path: Assets/Sprits/SwampAttackAsset/PaperUIKit/Pngs/FullHealthBar.png
  artifactKey: Guid(330928384ba1a224bb03b9221a068920) Importer(815301076,1909f56bfc062723c751e8b465ee728b)
Start importing Assets/Sprits/SwampAttackAsset/PaperUIKit/Pngs/FullHealthBar.png using Guid(330928384ba1a224bb03b9221a068920) Importer(815301076,1909f56bfc062723c751e8b465ee728b)  -> (artifact id: '98ec88b67a5ea04315ced07432ca736a') in 0.012964 seconds
Number of updated asset objects reloaded before import = 0
Number of asset objects unloaded after import = 3
========================================================================
Received Import Request.
  Time since last request: 0.000014 seconds.
  path: Assets/Sprits/SwampAttackAsset/PaperUIKit/Pngs/SwitchContainer.png
  artifactKey: Guid(5a76631c7881ca143be042348c408373) Importer(815301076,1909f56bfc062723c751e8b465ee728b)
Start importing Assets/Sprits/SwampAttackAsset/PaperUIKit/Pngs/SwitchContainer.png using Guid(5a76631c7881ca143be042348c408373) Importer(815301076,1909f56bfc062723c751e8b465ee728b)  -> (artifact id: '316de2846cbf79babee0ffd2bdd99aca') in 0.013712 seconds
Number of updated asset objects reloaded before import = 0
Number of asset objects unloaded after import = 3
========================================================================
Received Import Request.
  Time since last request: 0.000014 seconds.
  path: Assets/Sprits/SwampAttackAsset/PaperUIKit/Pngs/VolumeSlider.png
  artifactKey: Guid(ea5e461c83d27af4f8c0ba7086d7da09) Importer(815301076,1909f56bfc062723c751e8b465ee728b)
Start importing Assets/Sprits/SwampAttackAsset/PaperUIKit/Pngs/VolumeSlider.png using Guid(ea5e461c83d27af4f8c0ba7086d7da09) Importer(815301076,1909f56bfc062723c751e8b465ee728b)  -> (artifact id: '1dafe779f03fe7a776a009513c840a28') in 0.016438 seconds
Number of updated asset objects reloaded before import = 0
Number of asset objects unloaded after import = 3
========================================================================
Received Import Request.
  Time since last request: 0.000017 seconds.
  path: Assets/Sprits/SwampAttackAsset/PaperUIKit/Pngs/RedButton.png
  artifactKey: Guid(523af141d58f7af4f9ed66a881bd76ab) Importer(815301076,1909f56bfc062723c751e8b465ee728b)
Start importing Assets/Sprits/SwampAttackAsset/PaperUIKit/Pngs/RedButton.png using Guid(523af141d58f7af4f9ed66a881bd76ab) Importer(815301076,1909f56bfc062723c751e8b465ee728b)  -> (artifact id: '37d38f6f75348a5dce7aefa7e6539d9a') in 0.012905 seconds
Number of updated asset objects reloaded before import = 0
Number of asset objects unloaded after import = 3
========================================================================
Received Import Request.
  Time since last request: 0.000027 seconds.
  path: Assets/Sprits/SwampAttackAsset/PaperUIKit/Pngs/CloseButton.png
  artifactKey: Guid(2208c23118befed4aabd945fe075a75d) Importer(815301076,1909f56bfc062723c751e8b465ee728b)
Start importing Assets/Sprits/SwampAttackAsset/PaperUIKit/Pngs/CloseButton.png using Guid(2208c23118befed4aabd945fe075a75d) Importer(815301076,1909f56bfc062723c751e8b465ee728b)  -> (artifact id: '4653ebd1922b816253783266babaf71d') in 0.016389 seconds
Number of updated asset objects reloaded before import = 0
Number of asset objects unloaded after import = 3
========================================================================
Received Import Request.
  Time since last request: 0.000019 seconds.
  path: Assets/Sprits/SwampAttackAsset/PaperUIKit/Pngs/RedButtonPressed.png
  artifactKey: Guid(199971f871f743b40a724c2ff223ecf2) Importer(815301076,1909f56bfc062723c751e8b465ee728b)
Start importing Assets/Sprits/SwampAttackAsset/PaperUIKit/Pngs/RedButtonPressed.png using Guid(199971f871f743b40a724c2ff223ecf2) Importer(815301076,1909f56bfc062723c751e8b465ee728b)  -> (artifact id: 'b46be78e85020cf826b006454f4aa85b') in 0.013951 seconds
Number of updated asset objects reloaded before import = 0
Number of asset objects unloaded after import = 3
========================================================================
Received Import Request.
  Time since last request: 0.000015 seconds.
  path: Assets/Sprits/SwampAttackAsset/PaperUIKit/Pngs/TickIcon.png
  artifactKey: Guid(886047b1529889e4f82bbbce7ac49a64) Importer(815301076,1909f56bfc062723c751e8b465ee728b)
Start importing Assets/Sprits/SwampAttackAsset/PaperUIKit/Pngs/TickIcon.png using Guid(886047b1529889e4f82bbbce7ac49a64) Importer(815301076,1909f56bfc062723c751e8b465ee728b)  -> (artifact id: 'c9a2cc9a6ec7b0b909be9c56759f8f45') in 0.016487 seconds
Number of updated asset objects reloaded before import = 0
Number of asset objects unloaded after import = 3
========================================================================
Received Import Request.
  Time since last request: 0.000018 seconds.
  path: Assets/Sprits/SwampAttackAsset/PaperUIKit/Pngs/EmptyStar.png
  artifactKey: Guid(44c745ed130add342be3a486ca7961cc) Importer(815301076,1909f56bfc062723c751e8b465ee728b)
Start importing Assets/Sprits/SwampAttackAsset/PaperUIKit/Pngs/EmptyStar.png using Guid(44c745ed130add342be3a486ca7961cc) Importer(815301076,1909f56bfc062723c751e8b465ee728b)  -> (artifact id: '0a55a094cc7303b008c9021e69a6106d') in 0.016152 seconds
Number of updated asset objects reloaded before import = 0
Number of asset objects unloaded after import = 3
========================================================================
Received Import Request.
  Time since last request: 0.000090 seconds.
  path: Assets/Sprits/SwampAttackAsset/PaperUIKit/Pngs/LargeBackground.png
  artifactKey: Guid(cce5ad86b02744148be66f668f5ef1e5) Importer(815301076,1909f56bfc062723c751e8b465ee728b)
Start importing Assets/Sprits/SwampAttackAsset/PaperUIKit/Pngs/LargeBackground.png using Guid(cce5ad86b02744148be66f668f5ef1e5) Importer(815301076,1909f56bfc062723c751e8b465ee728b)  -> (artifact id: '18b92ee51d5549854f66577cec0070f9') in 0.050423 seconds
Number of updated asset objects reloaded before import = 0
Number of asset objects unloaded after import = 3
========================================================================
Received Import Request.
  Time since last request: 0.000015 seconds.
  path: Assets/Sprits/SwampAttackAsset/PaperUIKit/Pngs/SettingsBackground.png
  artifactKey: Guid(7343e979d2597e44e993e4aad7c444ee) Importer(815301076,1909f56bfc062723c751e8b465ee728b)
Start importing Assets/Sprits/SwampAttackAsset/PaperUIKit/Pngs/SettingsBackground.png using Guid(7343e979d2597e44e993e4aad7c444ee) Importer(815301076,1909f56bfc062723c751e8b465ee728b)  -> (artifact id: 'f85cfb3eec1de4f5bf73aaab2632e887') in 0.025097 seconds
Number of updated asset objects reloaded before import = 0
Number of asset objects unloaded after import = 3
========================================================================
Received Import Request.
  Time since last request: 0.000016 seconds.
  path: Assets/Sprits/SwampAttackAsset/PaperUIKit/Pngs/DialogueTitle.png
  artifactKey: Guid(291c0b3aa46919f48a457dbd647839e3) Importer(815301076,1909f56bfc062723c751e8b465ee728b)
Start importing Assets/Sprits/SwampAttackAsset/PaperUIKit/Pngs/DialogueTitle.png using Guid(291c0b3aa46919f48a457dbd647839e3) Importer(815301076,1909f56bfc062723c751e8b465ee728b)  -> (artifact id: '4a748c2e2f810acfed643be446b09659') in 0.013107 seconds
Number of updated asset objects reloaded before import = 0
Number of asset objects unloaded after import = 3
========================================================================
Received Import Request.
  Time since last request: 0.000032 seconds.
  path: Assets/Sprits/SwampAttackAsset/PaperUIKit/Pngs/BlueTitle2.png
  artifactKey: Guid(04556eea4483b5a43974f24db1413503) Importer(815301076,1909f56bfc062723c751e8b465ee728b)
Start importing Assets/Sprits/SwampAttackAsset/PaperUIKit/Pngs/BlueTitle2.png using Guid(04556eea4483b5a43974f24db1413503) Importer(815301076,1909f56bfc062723c751e8b465ee728b)  -> (artifact id: '8f5c2a806c55db93c5208f6eb547fece') in 0.015810 seconds
Number of updated asset objects reloaded before import = 0
Number of asset objects unloaded after import = 3
========================================================================
Received Import Request.
  Time since last request: 5.103937 seconds.
  path: Assets/Sprits/SwampAttackAsset/Forest/Extension_green.png
  artifactKey: Guid(2429118af91532447a27b8d597a2caf4) Importer(815301076,1909f56bfc062723c751e8b465ee728b)
Start importing Assets/Sprits/SwampAttackAsset/Forest/Extension_green.png using Guid(2429118af91532447a27b8d597a2caf4) Importer(815301076,1909f56bfc062723c751e8b465ee728b)  -> (artifact id: '057c9b626b12d8df17f82a5ee158f4e4') in 0.024694 seconds
Number of updated asset objects reloaded before import = 0
Number of asset objects unloaded after import = 3
========================================================================
Received Import Request.
  Time since last request: 0.000016 seconds.
  path: Assets/Sprits/SwampAttackAsset/Forest/Middleground.png
  artifactKey: Guid(01f7697510e4f0f48b5cfdc4ea17479f) Importer(815301076,1909f56bfc062723c751e8b465ee728b)
Start importing Assets/Sprits/SwampAttackAsset/Forest/Middleground.png using Guid(01f7697510e4f0f48b5cfdc4ea17479f) Importer(815301076,1909f56bfc062723c751e8b465ee728b)  -> (artifact id: 'c2ef483117bc2f8a99f95c9f0c8155de') in 0.015769 seconds
Number of updated asset objects reloaded before import = 0
Number of asset objects unloaded after import = 3
========================================================================
Received Import Request.
  Time since last request: 0.000018 seconds.
  path: Assets/Sprits/SwampAttackAsset/Forest/Props.png
  artifactKey: Guid(eb74ae50fcb92f94e9965cc421ed0798) Importer(815301076,1909f56bfc062723c751e8b465ee728b)
Start importing Assets/Sprits/SwampAttackAsset/Forest/Props.png using Guid(eb74ae50fcb92f94e9965cc421ed0798) Importer(815301076,1909f56bfc062723c751e8b465ee728b)  -> (artifact id: 'c175cbbd1888aba2f73a995d1e6f160c') in 0.030420 seconds
Number of updated asset objects reloaded before import = 0
Number of asset objects unloaded after import = 8
Editor requested this worker to shutdown with reason: Scaling down because of idle timeout
TcpMessagingSession - receive error: operation aborted. errorcode: 995, details: ќпераци€ ввода/вывода была прервана из-за завершени€ потока команд или по запросу приложени€.
AssetImportWorker is now disconnected from the server
Process exiting
Exiting without the bug reporter. Application will terminate with return code 0