Using pre-set license
Built from '2022.3/release' branch; Version is '2022.3.12f1 (4fe6e059c7ef) revision 5236448'; Using compiler version '192829333'; Build Type 'Release'
OS: 'Windows 11  (10.0.22621) 64bit Professional' Language: 'ru' Physical Memory: 24423 MB
BatchMode: 1, IsHumanControllingUs: 0, StartBugReporterOnCrash: 0, Is64bit: 1, IsPro: 1

COMMAND LINE ARGUMENTS:
C:\Program Files\Unity\Hub\Editor\2022.3.12f1\Editor\Unity.exe
-adb2
-batchMode
-noUpm
-name
AssetImportWorker0
-projectPath
C:/РЎР°С€Р°/Swamp Attack
-logFile
Logs/AssetImportWorker0.log
-srvPort
51667
Successfully changed project path to: C:/РЎР°С€Р°/Swamp Attack
C:/РЎР°С€Р°/Swamp Attack
[UnityMemory] Configuration Parameters - Can be set up in boot.config
    "memorysetup-bucket-allocator-granularity=16"
    "memorysetup-bucket-allocator-bucket-count=8"
    "memorysetup-bucket-allocator-block-size=33554432"
    "memorysetup-bucket-allocator-block-count=8"
    "memorysetup-main-allocator-block-size=16777216"
    "memorysetup-thread-allocator-block-size=16777216"
    "memorysetup-gfx-main-allocator-block-size=16777216"
    "memorysetup-gfx-thread-allocator-block-size=16777216"
    "memorysetup-cache-allocator-block-size=4194304"
    "memorysetup-typetree-allocator-block-size=2097152"
    "memorysetup-profiler-bucket-allocator-granularity=16"
    "memorysetup-profiler-bucket-allocator-bucket-count=8"
    "memorysetup-profiler-bucket-allocator-block-size=33554432"
    "memorysetup-profiler-bucket-allocator-block-count=8"
    "memorysetup-profiler-allocator-block-size=16777216"
    "memorysetup-profiler-editor-allocator-block-size=1048576"
    "memorysetup-temp-allocator-size-main=16777216"
    "memorysetup-job-temp-allocator-block-size=2097152"
    "memorysetup-job-temp-allocator-block-size-background=1048576"
    "memorysetup-job-temp-allocator-reduction-small-platforms=262144"
    "memorysetup-allocator-temp-initial-block-size-main=262144"
    "memorysetup-allocator-temp-initial-block-size-worker=262144"
    "memorysetup-temp-allocator-size-background-worker=32768"
    "memorysetup-temp-allocator-size-job-worker=262144"
    "memorysetup-temp-allocator-size-preload-manager=33554432"
    "memorysetup-temp-allocator-size-nav-mesh-worker=65536"
    "memorysetup-temp-allocator-size-audio-worker=65536"
    "memorysetup-temp-allocator-size-cloud-worker=32768"
    "memorysetup-temp-allocator-size-gi-baking-worker=262144"
    "memorysetup-temp-allocator-size-gfx=262144"
Player connection [23504] Host "[IP] 192.168.0.205 [Port] 0 [Flags] 2 [Guid] 821647937 [EditorId] 821647937 [Version] 1048832 [Id] WindowsEditor(7,RECEPTION1) [Debug] 1 [PackageName] WindowsEditor [ProjectName] Editor" joined multi-casting on [225.0.0.222:54997]...

Player connection [23504] Host "[IP] 192.168.0.205 [Port] 0 [Flags] 2 [Guid] 821647937 [EditorId] 821647937 [Version] 1048832 [Id] WindowsEditor(7,RECEPTION1) [Debug] 1 [PackageName] WindowsEditor [ProjectName] Editor" joined alternative multi-casting on [225.0.0.222:34997]...

[Physics::Module] Initialized MultithreadedJobDispatcher with 11 workers.
Refreshing native plugins compatible for Editor in 10.05 ms, found 4 plugins.
Preloading 0 native plugins for Editor in 0.00 ms.
Initialize engine version: 2022.3.12f1 (4fe6e059c7ef)
[Subsystems] Discovering subsystems at path C:/Program Files/Unity/Hub/Editor/2022.3.12f1/Editor/Data/Resources/UnitySubsystems
[Subsystems] Discovering subsystems at path C:/РЎР°С€Р°/Swamp Attack/Assets
GfxDevice: creating device client; threaded=0; jobified=0
Direct3D:
    Version:  Direct3D 11.0 [level 11.1]
    Renderer: NVIDIA GeForce GTX 1050 Ti (ID=0x1c82)
    Vendor:   NVIDIA
    VRAM:     4019 MB
    Driver:   30.0.14.7168
Initialize mono
Mono path[0] = 'C:/Program Files/Unity/Hub/Editor/2022.3.12f1/Editor/Data/Managed'
Mono path[1] = 'C:/Program Files/Unity/Hub/Editor/2022.3.12f1/Editor/Data/MonoBleedingEdge/lib/mono/unityjit-win32'
Mono config path = 'C:/Program Files/Unity/Hub/Editor/2022.3.12f1/Editor/Data/MonoBleedingEdge/etc'
Using monoOptions --debugger-agent=transport=dt_socket,embedding=1,server=y,suspend=n,address=127.0.0.1:56872
Begin MonoManager ReloadAssembly
Registering precompiled unity dll's ...
Register platform support module: C:/Program Files/Unity/Hub/Editor/2022.3.12f1/Editor/Data/PlaybackEngines/AndroidPlayer/UnityEditor.Android.Extensions.dll
Register platform support module: C:/Program Files/Unity/Hub/Editor/2022.3.12f1/Editor/Data/PlaybackEngines/WindowsStandaloneSupport/UnityEditor.WindowsStandalone.Extensions.dll
Registered in 0.007847 seconds.
- Loaded All Assemblies, in  0.459 seconds
Native extension for WindowsStandalone target not found
Native extension for Android target not found
Android Extension - Scanning For ADB Devices 357 ms
Mono: successfully reloaded assembly
- Finished resetting the current domain, in  0.753 seconds
Domain Reload Profiling: 1210ms
	BeginReloadAssembly (129ms)
		ExecutionOrderSort (0ms)
		DisableScriptedObjects (0ms)
		BackupInstance (0ms)
		ReleaseScriptingObjects (0ms)
		CreateAndSetChildDomain (1ms)
	RebuildCommonClasses (51ms)
	RebuildNativeTypeToScriptingClass (12ms)
	initialDomainReloadingComplete (72ms)
	LoadAllAssembliesAndSetupDomain (193ms)
		LoadAssemblies (128ms)
		RebuildTransferFunctionScriptingTraits (0ms)
		AnalyzeDomain (189ms)
			TypeCache.Refresh (188ms)
				TypeCache.ScanAssembly (168ms)
			ScanForSourceGeneratedMonoScriptInfo (0ms)
			ResolveRequiredComponents (0ms)
	FinalizeReload (753ms)
		ReleaseScriptCaches (0ms)
		RebuildScriptCaches (0ms)
		SetupLoadedEditorAssemblies (679ms)
			LogAssemblyErrors (0ms)
			InitializePlatformSupportModulesInManaged (489ms)
			SetLoadedEditorAssemblies (5ms)
			RefreshPlugins (0ms)
			BeforeProcessingInitializeOnLoad (3ms)
			ProcessInitializeOnLoadAttributes (120ms)
			ProcessInitializeOnLoadMethodAttributes (61ms)
			AfterProcessingInitializeOnLoad (0ms)
			EditorAssembliesLoaded (0ms)
		ExecutionOrderSort2 (0ms)
		AwakeInstancesAfterBackupRestoration (0ms)
========================================================================
Worker process is ready to serve import requests
Begin MonoManager ReloadAssembly
- Loaded All Assemblies, in  0.842 seconds
Refreshing native plugins compatible for Editor in 3.97 ms, found 4 plugins.
Native extension for WindowsStandalone target not found
Native extension for Android target not found
Package Manager log level set to [2]
[Package Manager] Server::EnsureServerProcessIsRunning -- launch failed, reason: Unity was launched with the -noUpm command-line argument
[Package Manager] UpmClient::Send -- Unable to send message (not connected to UPM process).
[Package Manager] Cannot connect to Unity Package Manager local server
Mono: successfully reloaded assembly
- Finished resetting the current domain, in  0.844 seconds
Domain Reload Profiling: 1684ms
	BeginReloadAssembly (175ms)
		ExecutionOrderSort (0ms)
		DisableScriptedObjects (10ms)
		BackupInstance (0ms)
		ReleaseScriptingObjects (0ms)
		CreateAndSetChildDomain (25ms)
	RebuildCommonClasses (43ms)
	RebuildNativeTypeToScriptingClass (12ms)
	initialDomainReloadingComplete (46ms)
	LoadAllAssembliesAndSetupDomain (563ms)
		LoadAssemblies (346ms)
		RebuildTransferFunctionScriptingTraits (0ms)
		AnalyzeDomain (315ms)
			TypeCache.Refresh (274ms)
				TypeCache.ScanAssembly (240ms)
			ScanForSourceGeneratedMonoScriptInfo (33ms)
			ResolveRequiredComponents (6ms)
	FinalizeReload (845ms)
		ReleaseScriptCaches (0ms)
		RebuildScriptCaches (0ms)
		SetupLoadedEditorAssemblies (571ms)
			LogAssemblyErrors (0ms)
			InitializePlatformSupportModulesInManaged (32ms)
			SetLoadedEditorAssemblies (4ms)
			RefreshPlugins (0ms)
			BeforeProcessingInitializeOnLoad (79ms)
			ProcessInitializeOnLoadAttributes (395ms)
			ProcessInitializeOnLoadMethodAttributes (52ms)
			AfterProcessingInitializeOnLoad (7ms)
			EditorAssembliesLoaded (0ms)
		ExecutionOrderSort2 (0ms)
		AwakeInstancesAfterBackupRestoration (9ms)
Launched and connected shader compiler UnityShaderCompiler.exe after 0.07 seconds
Refreshing native plugins compatible for Editor in 5.15 ms, found 4 plugins.
Preloading 0 native plugins for Editor in 0.00 ms.
Unloading 4049 Unused Serialized files (Serialized files now loaded: 0)
Unloading 70 unused Assets / (245.5 KB). Loaded Objects now: 4509.
Memory consumption went from 152.6 MB to 152.4 MB.
Total: 4.529100 ms (FindLiveObjects: 0.477100 ms CreateObjectMapping: 0.413500 ms MarkObjects: 3.401800 ms  DeleteObjects: 0.235100 ms)

AssetImportParameters requested are different than current active one (requested -> active):
  custom:container-demuxer-ogg: 62fdf1f143b41e24485cea50d1cbac27 -> 
  custom:video-codec-MediaFoundation-h265: 746d11721c4dcdbdad8f713fa42b33f4 -> 
  custom:video-decoder-ogg-theora: a1e56fd34408186e4bbccfd4996cb3dc -> 
  custom:framework-win-MediaFoundation: 216162199b28c13a410421893ffa2e32 -> 
  custom:CustomObjectIndexerAttribute: 756ad292c208cfabdd7b50bc23989ffe -> 
  custom:container-demuxer-webm: 4f35f7cbe854078d1ac9338744f61a02 -> 
  custom:container-muxer-webm: aa71ff27fc2769a1b78a27578f13a17b -> 
  custom:video-decoder-webm-vp8: 9c59270c3fd7afecdb556c50c9e8de78 -> 
  custom:SearchIndexIgnoredProperties: e643bd26f0fe6173181afceb89e7c659 -> 
  custom:AudioImporter_EditorPlatform: d09bf68614088b80899f8185d706f6e7 -> 
  custom:video-encoder-webm-vp8: eb34c28f22e8b96e1ab97ce403110664 -> 
  custom:audio-decoder-ogg-vorbis: bf7c407c2cedff20999df2af8eb42d56 -> 
  custom:audio-encoder-webm-vorbis: bf7c407c2cedff20999df2af8eb42d56 -> 
========================================================================
Received Prepare
Begin MonoManager ReloadAssembly
- Loaded All Assemblies, in  0.589 seconds
Refreshing native plugins compatible for Editor in 5.09 ms, found 4 plugins.
Native extension for WindowsStandalone target not found
Native extension for Android target not found
[Package Manager] Server::EnsureServerProcessIsRunning -- launch failed, reason: Unity was launched with the -noUpm command-line argument
[Package Manager] UpmClient::Send -- Unable to send message (not connected to UPM process).
[Package Manager] Cannot connect to Unity Package Manager local server
Mono: successfully reloaded assembly
- Finished resetting the current domain, in  0.947 seconds
Domain Reload Profiling: 1533ms
	BeginReloadAssembly (184ms)
		ExecutionOrderSort (0ms)
		DisableScriptedObjects (15ms)
		BackupInstance (0ms)
		ReleaseScriptingObjects (0ms)
		CreateAndSetChildDomain (42ms)
	RebuildCommonClasses (41ms)
	RebuildNativeTypeToScriptingClass (16ms)
	initialDomainReloadingComplete (40ms)
	LoadAllAssembliesAndSetupDomain (304ms)
		LoadAssemblies (355ms)
		RebuildTransferFunctionScriptingTraits (0ms)
		AnalyzeDomain (44ms)
			TypeCache.Refresh (16ms)
				TypeCache.ScanAssembly (0ms)
			ScanForSourceGeneratedMonoScriptInfo (13ms)
			ResolveRequiredComponents (12ms)
	FinalizeReload (948ms)
		ReleaseScriptCaches (0ms)
		RebuildScriptCaches (0ms)
		SetupLoadedEditorAssemblies (460ms)
			LogAssemblyErrors (0ms)
			InitializePlatformSupportModulesInManaged (23ms)
			SetLoadedEditorAssemblies (5ms)
			RefreshPlugins (0ms)
			BeforeProcessingInitializeOnLoad (93ms)
			ProcessInitializeOnLoadAttributes (301ms)
			ProcessInitializeOnLoadMethodAttributes (33ms)
			AfterProcessingInitializeOnLoad (6ms)
			EditorAssembliesLoaded (0ms)
		ExecutionOrderSort2 (0ms)
		AwakeInstancesAfterBackupRestoration (14ms)
Refreshing native plugins compatible for Editor in 5.33 ms, found 4 plugins.
Preloading 0 native plugins for Editor in 0.00 ms.
Unloading 4030 Unused Serialized files (Serialized files now loaded: 0)
Unloading 42 unused Assets / (217.7 KB). Loaded Objects now: 4514.
Memory consumption went from 149.4 MB to 149.2 MB.
Total: 4.373300 ms (FindLiveObjects: 0.379100 ms CreateObjectMapping: 0.378000 ms MarkObjects: 3.411600 ms  DeleteObjects: 0.202900 ms)

Prepare: number of updated asset objects reloaded= 0
AssetImportParameters requested are different than current active one (requested -> active):
  custom:container-demuxer-ogg: 62fdf1f143b41e24485cea50d1cbac27 -> 
  custom:video-codec-MediaFoundation-h265: 746d11721c4dcdbdad8f713fa42b33f4 -> 
  custom:video-decoder-ogg-theora: a1e56fd34408186e4bbccfd4996cb3dc -> 
  custom:framework-win-MediaFoundation: 216162199b28c13a410421893ffa2e32 -> 
  custom:CustomObjectIndexerAttribute: 756ad292c208cfabdd7b50bc23989ffe -> 
  custom:container-demuxer-webm: 4f35f7cbe854078d1ac9338744f61a02 -> 
  custom:container-muxer-webm: aa71ff27fc2769a1b78a27578f13a17b -> 
  custom:video-decoder-webm-vp8: 9c59270c3fd7afecdb556c50c9e8de78 -> 
  custom:SearchIndexIgnoredProperties: e643bd26f0fe6173181afceb89e7c659 -> 
  custom:AudioImporter_EditorPlatform: d09bf68614088b80899f8185d706f6e7 -> 
  custom:video-encoder-webm-vp8: eb34c28f22e8b96e1ab97ce403110664 -> 
  custom:audio-decoder-ogg-vorbis: bf7c407c2cedff20999df2af8eb42d56 -> 
  custom:audio-encoder-webm-vorbis: bf7c407c2cedff20999df2af8eb42d56 -> 
========================================================================
Received Prepare
Begin MonoManager ReloadAssembly
- Loaded All Assemblies, in  0.597 seconds
Refreshing native plugins compatible for Editor in 3.40 ms, found 4 plugins.
Native extension for WindowsStandalone target not found
Native extension for Android target not found
[Package Manager] Server::EnsureServerProcessIsRunning -- launch failed, reason: Unity was launched with the -noUpm command-line argument
[Package Manager] UpmClient::Send -- Unable to send message (not connected to UPM process).
[Package Manager] Cannot connect to Unity Package Manager local server
Mono: successfully reloaded assembly
- Finished resetting the current domain, in  0.914 seconds
Domain Reload Profiling: 1508ms
	BeginReloadAssembly (171ms)
		ExecutionOrderSort (0ms)
		DisableScriptedObjects (13ms)
		BackupInstance (0ms)
		ReleaseScriptingObjects (0ms)
		CreateAndSetChildDomain (41ms)
	RebuildCommonClasses (46ms)
	RebuildNativeTypeToScriptingClass (13ms)
	initialDomainReloadingComplete (41ms)
	LoadAllAssembliesAndSetupDomain (323ms)
		LoadAssemblies (366ms)
		RebuildTransferFunctionScriptingTraits (0ms)
		AnalyzeDomain (42ms)
			TypeCache.Refresh (15ms)
				TypeCache.ScanAssembly (0ms)
			ScanForSourceGeneratedMonoScriptInfo (17ms)
			ResolveRequiredComponents (9ms)
	FinalizeReload (914ms)
		ReleaseScriptCaches (0ms)
		RebuildScriptCaches (0ms)
		SetupLoadedEditorAssemblies (417ms)
			LogAssemblyErrors (0ms)
			InitializePlatformSupportModulesInManaged (23ms)
			SetLoadedEditorAssemblies (3ms)
			RefreshPlugins (0ms)
			BeforeProcessingInitializeOnLoad (70ms)
			ProcessInitializeOnLoadAttributes (282ms)
			ProcessInitializeOnLoadMethodAttributes (32ms)
			AfterProcessingInitializeOnLoad (6ms)
			EditorAssembliesLoaded (0ms)
		ExecutionOrderSort2 (0ms)
		AwakeInstancesAfterBackupRestoration (13ms)
Refreshing native plugins compatible for Editor in 3.46 ms, found 4 plugins.
Preloading 0 native plugins for Editor in 0.00 ms.
Unloading 4030 Unused Serialized files (Serialized files now loaded: 0)
Unloading 42 unused Assets / (217.5 KB). Loaded Objects now: 4518.
Memory consumption went from 151.3 MB to 151.1 MB.
Total: 4.049800 ms (FindLiveObjects: 0.531800 ms CreateObjectMapping: 0.394600 ms MarkObjects: 2.884600 ms  DeleteObjects: 0.238100 ms)

Prepare: number of updated asset objects reloaded= 0
AssetImportParameters requested are different than current active one (requested -> active):
  custom:container-demuxer-ogg: 62fdf1f143b41e24485cea50d1cbac27 -> 
  custom:video-codec-MediaFoundation-h265: 746d11721c4dcdbdad8f713fa42b33f4 -> 
  custom:video-decoder-ogg-theora: a1e56fd34408186e4bbccfd4996cb3dc -> 
  custom:framework-win-MediaFoundation: 216162199b28c13a410421893ffa2e32 -> 
  custom:CustomObjectIndexerAttribute: 756ad292c208cfabdd7b50bc23989ffe -> 
  custom:container-demuxer-webm: 4f35f7cbe854078d1ac9338744f61a02 -> 
  custom:container-muxer-webm: aa71ff27fc2769a1b78a27578f13a17b -> 
  custom:video-decoder-webm-vp8: 9c59270c3fd7afecdb556c50c9e8de78 -> 
  custom:SearchIndexIgnoredProperties: e643bd26f0fe6173181afceb89e7c659 -> 
  custom:AudioImporter_EditorPlatform: d09bf68614088b80899f8185d706f6e7 -> 
  custom:video-encoder-webm-vp8: eb34c28f22e8b96e1ab97ce403110664 -> 
  custom:audio-decoder-ogg-vorbis: bf7c407c2cedff20999df2af8eb42d56 -> 
  custom:audio-encoder-webm-vorbis: bf7c407c2cedff20999df2af8eb42d56 -> 
========================================================================
Received Import Request.
  Time since last request: 7738.886719 seconds.
  path: Assets/Scripts/Spawner/Spawner.cs
  artifactKey: Guid(5ede883a590e695409d0e7dff409bdb8) Importer(815301076,1909f56bfc062723c751e8b465ee728b)
Start importing Assets/Scripts/Spawner/Spawner.cs using Guid(5ede883a590e695409d0e7dff409bdb8) Importer(815301076,1909f56bfc062723c751e8b465ee728b)  -> (artifact id: '4e9092b6bec0aafcdb4ec4f0081fefd9') in 0.003671 seconds
Number of updated asset objects reloaded before import = 0
Number of asset objects unloaded after import = 0
========================================================================
Received Import Request.
  Time since last request: 180.993874 seconds.
  path: Assets/Scripts/Spawner/Spawner.cs
  artifactKey: Guid(5ede883a590e695409d0e7dff409bdb8) Importer(815301076,1909f56bfc062723c751e8b465ee728b)
Start importing Assets/Scripts/Spawner/Spawner.cs using Guid(5ede883a590e695409d0e7dff409bdb8) Importer(815301076,1909f56bfc062723c751e8b465ee728b)  -> (artifact id: '63ae7187f80314266dc9abb887847c31') in 0.000941 seconds
Number of updated asset objects reloaded before import = 0
Number of asset objects unloaded after import = 0
========================================================================
Received Prepare
Begin MonoManager ReloadAssembly
- Loaded All Assemblies, in  0.517 seconds
Refreshing native plugins compatible for Editor in 3.57 ms, found 4 plugins.
Native extension for WindowsStandalone target not found
Native extension for Android target not found
[Package Manager] Server::EnsureServerProcessIsRunning -- launch failed, reason: Unity was launched with the -noUpm command-line argument
[Package Manager] UpmClient::Send -- Unable to send message (not connected to UPM process).
[Package Manager] Cannot connect to Unity Package Manager local server
Mono: successfully reloaded assembly
- Finished resetting the current domain, in  0.912 seconds
Domain Reload Profiling: 1426ms
	BeginReloadAssembly (174ms)
		ExecutionOrderSort (0ms)
		DisableScriptedObjects (13ms)
		BackupInstance (0ms)
		ReleaseScriptingObjects (0ms)
		CreateAndSetChildDomain (41ms)
	RebuildCommonClasses (46ms)
	RebuildNativeTypeToScriptingClass (13ms)
	initialDomainReloadingComplete (40ms)
	LoadAllAssembliesAndSetupDomain (241ms)
		LoadAssemblies (299ms)
		RebuildTransferFunctionScriptingTraits (0ms)
		AnalyzeDomain (29ms)
			TypeCache.Refresh (12ms)
				TypeCache.ScanAssembly (0ms)
			ScanForSourceGeneratedMonoScriptInfo (11ms)
			ResolveRequiredComponents (6ms)
	FinalizeReload (912ms)
		ReleaseScriptCaches (0ms)
		RebuildScriptCaches (0ms)
		SetupLoadedEditorAssemblies (439ms)
			LogAssemblyErrors (0ms)
			InitializePlatformSupportModulesInManaged (22ms)
			SetLoadedEditorAssemblies (4ms)
			RefreshPlugins (0ms)
			BeforeProcessingInitializeOnLoad (68ms)
			ProcessInitializeOnLoadAttributes (308ms)
			ProcessInitializeOnLoadMethodAttributes (32ms)
			AfterProcessingInitializeOnLoad (5ms)
			EditorAssembliesLoaded (0ms)
		ExecutionOrderSort2 (0ms)
		AwakeInstancesAfterBackupRestoration (13ms)
Refreshing native plugins compatible for Editor in 3.47 ms, found 4 plugins.
Preloading 0 native plugins for Editor in 0.00 ms.
Unloading 4029 Unused Serialized files (Serialized files now loaded: 0)
Unloading 42 unused Assets / (217.7 KB). Loaded Objects now: 4522.
Memory consumption went from 153.0 MB to 152.8 MB.
Total: 3.662400 ms (FindLiveObjects: 0.359800 ms CreateObjectMapping: 0.309200 ms MarkObjects: 2.763900 ms  DeleteObjects: 0.227500 ms)

Prepare: number of updated asset objects reloaded= 0
AssetImportParameters requested are different than current active one (requested -> active):
  custom:container-demuxer-ogg: 62fdf1f143b41e24485cea50d1cbac27 -> 
  custom:video-codec-MediaFoundation-h265: 746d11721c4dcdbdad8f713fa42b33f4 -> 
  custom:video-decoder-ogg-theora: a1e56fd34408186e4bbccfd4996cb3dc -> 
  custom:framework-win-MediaFoundation: 216162199b28c13a410421893ffa2e32 -> 
  custom:CustomObjectIndexerAttribute: 756ad292c208cfabdd7b50bc23989ffe -> 
  custom:container-demuxer-webm: 4f35f7cbe854078d1ac9338744f61a02 -> 
  custom:container-muxer-webm: aa71ff27fc2769a1b78a27578f13a17b -> 
  custom:video-decoder-webm-vp8: 9c59270c3fd7afecdb556c50c9e8de78 -> 
  custom:SearchIndexIgnoredProperties: e643bd26f0fe6173181afceb89e7c659 -> 
  custom:AudioImporter_EditorPlatform: d09bf68614088b80899f8185d706f6e7 -> 
  custom:video-encoder-webm-vp8: eb34c28f22e8b96e1ab97ce403110664 -> 
  custom:audio-decoder-ogg-vorbis: bf7c407c2cedff20999df2af8eb42d56 -> 
  custom:audio-encoder-webm-vorbis: bf7c407c2cedff20999df2af8eb42d56 -> 
========================================================================
Received Import Request.
  Time since last request: 83.190931 seconds.
  path: Assets/Sprits/SwampAttackAsset/CartoonViking/CartoonViking/Render/RunPose02R.gif
  artifactKey: Guid(d9659a204bdbc2f4daf93b7716158ce3) Importer(815301076,1909f56bfc062723c751e8b465ee728b)
Start importing Assets/Sprits/SwampAttackAsset/CartoonViking/CartoonViking/Render/RunPose02R.gif using Guid(d9659a204bdbc2f4daf93b7716158ce3) Importer(815301076,1909f56bfc062723c751e8b465ee728b)  -> (artifact id: '349e0815f05b71ddd6e129c96f9559f6') in 0.091170 seconds
Number of updated asset objects reloaded before import = 0
Number of asset objects unloaded after import = 3
========================================================================
Received Import Request.
  Time since last request: 0.000034 seconds.
  path: Assets/Sprits/SwampAttackAsset/PaperUIKit/Pngs/SaveSlotSelected.png
  artifactKey: Guid(4149e08004b73314d892f302c979ab0f) Importer(815301076,1909f56bfc062723c751e8b465ee728b)
Start importing Assets/Sprits/SwampAttackAsset/PaperUIKit/Pngs/SaveSlotSelected.png using Guid(4149e08004b73314d892f302c979ab0f) Importer(815301076,1909f56bfc062723c751e8b465ee728b)  -> (artifact id: '36c471fa0781f16740bb513742cb26d9') in 0.019736 seconds
Number of updated asset objects reloaded before import = 0
Number of asset objects unloaded after import = 3
========================================================================
Received Import Request.
  Time since last request: 0.000018 seconds.
  path: Assets/Sprits/SwampAttackAsset/PaperUIKit/Pngs/TickBox.png
  artifactKey: Guid(27dcd8a4f6ee3ed46b17aeca9c5307a9) Importer(815301076,1909f56bfc062723c751e8b465ee728b)
Start importing Assets/Sprits/SwampAttackAsset/PaperUIKit/Pngs/TickBox.png using Guid(27dcd8a4f6ee3ed46b17aeca9c5307a9) Importer(815301076,1909f56bfc062723c751e8b465ee728b)  -> (artifact id: '05ff03dbb5d9501095232327941b00a8') in 0.016138 seconds
Number of updated asset objects reloaded before import = 0
Number of asset objects unloaded after import = 3
========================================================================
Received Import Request.
  Time since last request: 0.000019 seconds.
  path: Assets/Sprits/SwampAttackAsset/CartoonViking/CartoonViking/Shoot01/Shoot01_04.png
  artifactKey: Guid(8cf74952a345f4e4f98cf36ee1bbcd21) Importer(815301076,1909f56bfc062723c751e8b465ee728b)
Start importing Assets/Sprits/SwampAttackAsset/CartoonViking/CartoonViking/Shoot01/Shoot01_04.png using Guid(8cf74952a345f4e4f98cf36ee1bbcd21) Importer(815301076,1909f56bfc062723c751e8b465ee728b)  -> (artifact id: 'd9428201920169726187c31e1f0c2366') in 0.016818 seconds
Number of updated asset objects reloaded before import = 0
Number of asset objects unloaded after import = 3
========================================================================
Received Import Request.
  Time since last request: 0.000036 seconds.
  path: Assets/Sprits/SwampAttackAsset/CartoonViking/CartoonViking/Shoot01/Shoot01_03.png
  artifactKey: Guid(57ecc4d7b1d6680468aa11c7bd7e00f1) Importer(815301076,1909f56bfc062723c751e8b465ee728b)
Start importing Assets/Sprits/SwampAttackAsset/CartoonViking/CartoonViking/Shoot01/Shoot01_03.png using Guid(57ecc4d7b1d6680468aa11c7bd7e00f1) Importer(815301076,1909f56bfc062723c751e8b465ee728b)  -> (artifact id: '38ea7051a30d7e22a50b6e64830a90c5') in 0.014137 seconds
Number of updated asset objects reloaded before import = 0
Number of asset objects unloaded after import = 3
========================================================================
Received Import Request.
  Time since last request: 0.000019 seconds.
  path: Assets/Sprits/SwampAttackAsset/PaperUIKit/Pngs/Switch.png
  artifactKey: Guid(41b6cce92f15b624092a9b952139f278) Importer(815301076,1909f56bfc062723c751e8b465ee728b)
Start importing Assets/Sprits/SwampAttackAsset/PaperUIKit/Pngs/Switch.png using Guid(41b6cce92f15b624092a9b952139f278) Importer(815301076,1909f56bfc062723c751e8b465ee728b)  -> (artifact id: '7c20d1950f54598b0e8f37a7ac47e018') in 0.017012 seconds
Number of updated asset objects reloaded before import = 0
Number of asset objects unloaded after import = 3
========================================================================
Received Import Request.
  Time since last request: 0.000020 seconds.
  path: Assets/Sprits/SwampAttackAsset/Weapon/UZI.png
  artifactKey: Guid(4f2089663a4501f4184c735456255eb7) Importer(815301076,1909f56bfc062723c751e8b465ee728b)
Start importing Assets/Sprits/SwampAttackAsset/Weapon/UZI.png using Guid(4f2089663a4501f4184c735456255eb7) Importer(815301076,1909f56bfc062723c751e8b465ee728b)  -> (artifact id: '2e28e570c8650e070947e0bb0d36380a') in 0.015409 seconds
Number of updated asset objects reloaded before import = 0
Number of asset objects unloaded after import = 3
========================================================================
Received Import Request.
  Time since last request: 0.000014 seconds.
  path: Assets/Sprits/SwampAttackAsset/PaperUIKit/Pngs/SwitchContainer.png
  artifactKey: Guid(5a76631c7881ca143be042348c408373) Importer(815301076,1909f56bfc062723c751e8b465ee728b)
Start importing Assets/Sprits/SwampAttackAsset/PaperUIKit/Pngs/SwitchContainer.png using Guid(5a76631c7881ca143be042348c408373) Importer(815301076,1909f56bfc062723c751e8b465ee728b)  -> (artifact id: 'd6cd3901652daa77cbbf04763774bb98') in 0.015689 seconds
Number of updated asset objects reloaded before import = 0
Number of asset objects unloaded after import = 3
========================================================================
Received Import Request.
  Time since last request: 0.000020 seconds.
  path: Assets/Sprits/SwampAttackAsset/PaperUIKit/Pngs/VolumeSlider.png
  artifactKey: Guid(ea5e461c83d27af4f8c0ba7086d7da09) Importer(815301076,1909f56bfc062723c751e8b465ee728b)
Start importing Assets/Sprits/SwampAttackAsset/PaperUIKit/Pngs/VolumeSlider.png using Guid(ea5e461c83d27af4f8c0ba7086d7da09) Importer(815301076,1909f56bfc062723c751e8b465ee728b)  -> (artifact id: '44db3d217508af6b1c589afc86ccb089') in 0.016499 seconds
Number of updated asset objects reloaded before import = 0
Number of asset objects unloaded after import = 3
========================================================================
Received Import Request.
  Time since last request: 0.000018 seconds.
  path: Assets/Sprits/SwampAttackAsset/CartoonViking/CartoonViking/Shoot01/Shoot01_02.png
  artifactKey: Guid(bb0342f4c7fd59d41bf40f1708508438) Importer(815301076,1909f56bfc062723c751e8b465ee728b)
Start importing Assets/Sprits/SwampAttackAsset/CartoonViking/CartoonViking/Shoot01/Shoot01_02.png using Guid(bb0342f4c7fd59d41bf40f1708508438) Importer(815301076,1909f56bfc062723c751e8b465ee728b)  -> (artifact id: 'f46e4db9b80430546be752c3d1f16b42') in 0.012578 seconds
Number of updated asset objects reloaded before import = 0
Number of asset objects unloaded after import = 3
========================================================================
Received Import Request.
  Time since last request: 0.000023 seconds.
  path: Assets/Sprits/SwampAttackAsset/CartoonViking/CartoonViking/Shoot01/Shoot01_05.png
  artifactKey: Guid(dbedacfda94f2d741918ac5cae6db4a9) Importer(815301076,1909f56bfc062723c751e8b465ee728b)
Start importing Assets/Sprits/SwampAttackAsset/CartoonViking/CartoonViking/Shoot01/Shoot01_05.png using Guid(dbedacfda94f2d741918ac5cae6db4a9) Importer(815301076,1909f56bfc062723c751e8b465ee728b)  -> (artifact id: 'fc82b966a8514b1d47e9c73246d6355c') in 0.013734 seconds
Number of updated asset objects reloaded before import = 0
Number of asset objects unloaded after import = 3
========================================================================
Received Import Request.
  Time since last request: 0.000024 seconds.
  path: Assets/Sprits/SwampAttackAsset/PaperUIKit/Pngs/TickIcon.png
  artifactKey: Guid(886047b1529889e4f82bbbce7ac49a64) Importer(815301076,1909f56bfc062723c751e8b465ee728b)
Start importing Assets/Sprits/SwampAttackAsset/PaperUIKit/Pngs/TickIcon.png using Guid(886047b1529889e4f82bbbce7ac49a64) Importer(815301076,1909f56bfc062723c751e8b465ee728b)  -> (artifact id: '0c9fa521be55b96f3288562e57add054') in 0.018095 seconds
Number of updated asset objects reloaded before import = 0
Number of asset objects unloaded after import = 3
========================================================================
Received Import Request.
  Time since last request: 0.000019 seconds.
  path: Assets/Sprits/SwampAttackAsset/PaperUIKit/Pngs/SmallBackground.png
  artifactKey: Guid(71338d5e940df334bb18e1c3f12897a4) Importer(815301076,1909f56bfc062723c751e8b465ee728b)
Start importing Assets/Sprits/SwampAttackAsset/PaperUIKit/Pngs/SmallBackground.png using Guid(71338d5e940df334bb18e1c3f12897a4) Importer(815301076,1909f56bfc062723c751e8b465ee728b)  -> (artifact id: 'b50ea43880c12c5259d87b46ff6adb41') in 0.018730 seconds
Number of updated asset objects reloaded before import = 0
Number of asset objects unloaded after import = 3
========================================================================
Received Import Request.
  Time since last request: 0.000018 seconds.
  path: Assets/Sprits/SwampAttackAsset/PaperUIKit/Pngs/SettingsBackground.png
  artifactKey: Guid(7343e979d2597e44e993e4aad7c444ee) Importer(815301076,1909f56bfc062723c751e8b465ee728b)
Start importing Assets/Sprits/SwampAttackAsset/PaperUIKit/Pngs/SettingsBackground.png using Guid(7343e979d2597e44e993e4aad7c444ee) Importer(815301076,1909f56bfc062723c751e8b465ee728b)  -> (artifact id: '2699075146e23b2762b3b9b877bb420c') in 0.021270 seconds
Number of updated asset objects reloaded before import = 0
Number of asset objects unloaded after import = 3
========================================================================
Received Import Request.
  Time since last request: 0.000020 seconds.
  path: Assets/Sprits/SwampAttackAsset/PaperUIKit/Pngs/SaveSlot.png
  artifactKey: Guid(66db866ee2d36084bb873c1c2944be80) Importer(815301076,1909f56bfc062723c751e8b465ee728b)
Start importing Assets/Sprits/SwampAttackAsset/PaperUIKit/Pngs/SaveSlot.png using Guid(66db866ee2d36084bb873c1c2944be80) Importer(815301076,1909f56bfc062723c751e8b465ee728b)  -> (artifact id: '1aea1a6a674db28c0cf90e1f27e3f476') in 0.015081 seconds
Number of updated asset objects reloaded before import = 0
Number of asset objects unloaded after import = 3
========================================================================
Received Import Request.
  Time since last request: 0.000019 seconds.
  path: Assets/Sprits/SwampAttackAsset/PaperUIKit/Pngs/SaveSlotSeletcor.png
  artifactKey: Guid(f1ec1db4db013ca44ab3cbe0bab00956) Importer(815301076,1909f56bfc062723c751e8b465ee728b)
Start importing Assets/Sprits/SwampAttackAsset/PaperUIKit/Pngs/SaveSlotSeletcor.png using Guid(f1ec1db4db013ca44ab3cbe0bab00956) Importer(815301076,1909f56bfc062723c751e8b465ee728b)  -> (artifact id: '014237e72f15832cba9c94e359c0d00d') in 0.019511 seconds
Number of updated asset objects reloaded before import = 0
Number of asset objects unloaded after import = 3
========================================================================
Received Import Request.
  Time since last request: 1.595485 seconds.
  path: Assets/Sprits/SwampAttackAsset/CartoonViking/CartoonViking/RunPose01_01/RunPose01_06.png
  artifactKey: Guid(4ff7b56667a222446aac9540e34a7d42) Importer(815301076,1909f56bfc062723c751e8b465ee728b)
Start importing Assets/Sprits/SwampAttackAsset/CartoonViking/CartoonViking/RunPose01_01/RunPose01_06.png using Guid(4ff7b56667a222446aac9540e34a7d42) Importer(815301076,1909f56bfc062723c751e8b465ee728b)  -> (artifact id: '71d6d2cb16eb5d9615afc6cb76c240de') in 0.012523 seconds
Number of updated asset objects reloaded before import = 0
Number of asset objects unloaded after import = 3
========================================================================
Received Import Request.
  Time since last request: 0.000013 seconds.
  path: Assets/Sprits/SwampAttackAsset/CartoonViking/CartoonViking/RunPose02/RunPose02_07.png
  artifactKey: Guid(8c7036289eeed7e42aa249ef00d17812) Importer(815301076,1909f56bfc062723c751e8b465ee728b)
Start importing Assets/Sprits/SwampAttackAsset/CartoonViking/CartoonViking/RunPose02/RunPose02_07.png using Guid(8c7036289eeed7e42aa249ef00d17812) Importer(815301076,1909f56bfc062723c751e8b465ee728b)  -> (artifact id: '19d321fc8947a2c796bf6359df0eada9') in 0.016379 seconds
Number of updated asset objects reloaded before import = 0
Number of asset objects unloaded after import = 3
========================================================================
Received Import Request.
  Time since last request: 0.000020 seconds.
  path: Assets/Sprits/SwampAttackAsset/CartoonViking/CartoonViking/RunPose02/RunPose02_03.png
  artifactKey: Guid(201a8246aef765647a8ceabd8e784e31) Importer(815301076,1909f56bfc062723c751e8b465ee728b)
Start importing Assets/Sprits/SwampAttackAsset/CartoonViking/CartoonViking/RunPose02/RunPose02_03.png using Guid(201a8246aef765647a8ceabd8e784e31) Importer(815301076,1909f56bfc062723c751e8b465ee728b)  -> (artifact id: 'a0d9cf50e70fd102f72da6cf5cd010c3') in 0.012964 seconds
Number of updated asset objects reloaded before import = 0
Number of asset objects unloaded after import = 3
========================================================================
Received Import Request.
  Time since last request: 0.000027 seconds.
  path: Assets/Sprits/SwampAttackAsset/CartoonViking/CartoonViking/RunPose02/RunPose02_02.png
  artifactKey: Guid(1adf3d83e223b75489167cc165598fb8) Importer(815301076,1909f56bfc062723c751e8b465ee728b)
Start importing Assets/Sprits/SwampAttackAsset/CartoonViking/CartoonViking/RunPose02/RunPose02_02.png using Guid(1adf3d83e223b75489167cc165598fb8) Importer(815301076,1909f56bfc062723c751e8b465ee728b)  -> (artifact id: 'ce802792dc060877a00761680d591f06') in 0.013385 seconds
Number of updated asset objects reloaded before import = 0
Number of asset objects unloaded after import = 3
========================================================================
Received Import Request.
  Time since last request: 0.000019 seconds.
  path: Assets/Sprits/SwampAttackAsset/CartoonViking/CartoonViking/RunPose01_01/RunPose01_08.png
  artifactKey: Guid(0e0c65965fc9720499423c0fc0d6d6c6) Importer(815301076,1909f56bfc062723c751e8b465ee728b)
Start importing Assets/Sprits/SwampAttackAsset/CartoonViking/CartoonViking/RunPose01_01/RunPose01_08.png using Guid(0e0c65965fc9720499423c0fc0d6d6c6) Importer(815301076,1909f56bfc062723c751e8b465ee728b)  -> (artifact id: 'd078bf585e1c14d28caf416f682afcc5') in 0.012629 seconds
Number of updated asset objects reloaded before import = 0
Number of asset objects unloaded after import = 3
========================================================================
Received Import Request.
  Time since last request: 0.358295 seconds.
  path: Assets/Sprits/SwampAttackAsset/CartoonViking/CartoonViking/RunGun01/RunGun01_03.png
  artifactKey: Guid(0183419c550cf0347a10b264b6a25cab) Importer(815301076,1909f56bfc062723c751e8b465ee728b)
Start importing Assets/Sprits/SwampAttackAsset/CartoonViking/CartoonViking/RunGun01/RunGun01_03.png using Guid(0183419c550cf0347a10b264b6a25cab) Importer(815301076,1909f56bfc062723c751e8b465ee728b)  -> (artifact id: 'c1bbe59cca055640e6182a4ede5d73b3') in 0.013586 seconds
Number of updated asset objects reloaded before import = 0
Number of asset objects unloaded after import = 3
========================================================================
Received Import Request.
  Time since last request: 0.000019 seconds.
  path: Assets/Sprits/SwampAttackAsset/CartoonViking/CartoonViking/RunPose01_01/RunPose01_02.png
  artifactKey: Guid(2319603591e6bdc41a0c692767183c63) Importer(815301076,1909f56bfc062723c751e8b465ee728b)
Start importing Assets/Sprits/SwampAttackAsset/CartoonViking/CartoonViking/RunPose01_01/RunPose01_02.png using Guid(2319603591e6bdc41a0c692767183c63) Importer(815301076,1909f56bfc062723c751e8b465ee728b)  -> (artifact id: 'f45faaa233599bf5981953a8f007c7ab') in 0.014076 seconds
Number of updated asset objects reloaded before import = 0
Number of asset objects unloaded after import = 3
========================================================================
Received Import Request.
  Time since last request: 0.000024 seconds.
  path: Assets/Sprits/SwampAttackAsset/CartoonViking/CartoonViking/RunPose01_01/RunPose01_05.png
  artifactKey: Guid(08f078269f30ccb4c8ebb5353ef0a3c3) Importer(815301076,1909f56bfc062723c751e8b465ee728b)
Start importing Assets/Sprits/SwampAttackAsset/CartoonViking/CartoonViking/RunPose01_01/RunPose01_05.png using Guid(08f078269f30ccb4c8ebb5353ef0a3c3) Importer(815301076,1909f56bfc062723c751e8b465ee728b)  -> (artifact id: 'd921b8c05b77ef03291c14b7ad4e976c') in 0.012588 seconds
Number of updated asset objects reloaded before import = 0
Number of asset objects unloaded after import = 3
========================================================================
Received Import Request.
  Time since last request: 0.000032 seconds.
  path: Assets/Sprits/SwampAttackAsset/CartoonViking/CartoonViking/RunPose01_01/RunPose01_04.png
  artifactKey: Guid(6efaa2c8f789af4459a524e6676fe712) Importer(815301076,1909f56bfc062723c751e8b465ee728b)
Start importing Assets/Sprits/SwampAttackAsset/CartoonViking/CartoonViking/RunPose01_01/RunPose01_04.png using Guid(6efaa2c8f789af4459a524e6676fe712) Importer(815301076,1909f56bfc062723c751e8b465ee728b)  -> (artifact id: 'def1b6f8548b38cea76ba0c444837281') in 0.015983 seconds
Number of updated asset objects reloaded before import = 0
Number of asset objects unloaded after import = 3
========================================================================
Received Import Request.
  Time since last request: 0.000017 seconds.
  path: Assets/Sprits/SwampAttackAsset/CartoonViking/CartoonViking/RunPose01_01/RunPose01_03.png
  artifactKey: Guid(3ea9c69cff0622c4992267261e597a90) Importer(815301076,1909f56bfc062723c751e8b465ee728b)
Start importing Assets/Sprits/SwampAttackAsset/CartoonViking/CartoonViking/RunPose01_01/RunPose01_03.png using Guid(3ea9c69cff0622c4992267261e597a90) Importer(815301076,1909f56bfc062723c751e8b465ee728b)  -> (artifact id: '28091d10ab8944002337cab3a272be2f') in 0.012577 seconds
Number of updated asset objects reloaded before import = 0
Number of asset objects unloaded after import = 3
========================================================================
Received Import Request.
  Time since last request: 9.345900 seconds.
  path: Assets/Sprits/SwampAttackAsset/PaperUIKit/Pngs/BlueButtonPressed.png
  artifactKey: Guid(ee0825126ef996141b7f67f8b96f3077) Importer(815301076,1909f56bfc062723c751e8b465ee728b)
Start importing Assets/Sprits/SwampAttackAsset/PaperUIKit/Pngs/BlueButtonPressed.png using Guid(ee0825126ef996141b7f67f8b96f3077) Importer(815301076,1909f56bfc062723c751e8b465ee728b)  -> (artifact id: '8dc9e12d29dd02f248a8eb76306598aa') in 0.015570 seconds
Number of updated asset objects reloaded before import = 0
Number of asset objects unloaded after import = 3
========================================================================
Received Import Request.
  Time since last request: 0.000020 seconds.
  path: Assets/Sprits/SwampAttackAsset/PaperUIKit/Pngs/GreenButtonPressed.png
  artifactKey: Guid(933ba2ffab979334c8cf5ced3ddeece3) Importer(815301076,1909f56bfc062723c751e8b465ee728b)
Start importing Assets/Sprits/SwampAttackAsset/PaperUIKit/Pngs/GreenButtonPressed.png using Guid(933ba2ffab979334c8cf5ced3ddeece3) Importer(815301076,1909f56bfc062723c751e8b465ee728b)  -> (artifact id: '20f8766ed3298d9be8fbf669b61891df') in 0.015672 seconds
Number of updated asset objects reloaded before import = 0
Number of asset objects unloaded after import = 3
========================================================================
Received Import Request.
  Time since last request: 0.000020 seconds.
  path: Assets/Sprits/SwampAttackAsset/PaperUIKit/Pngs/EmptyScoreBar.png
  artifactKey: Guid(417e16f243f24654b9c20ce9e2091a60) Importer(815301076,1909f56bfc062723c751e8b465ee728b)
Start importing Assets/Sprits/SwampAttackAsset/PaperUIKit/Pngs/EmptyScoreBar.png using Guid(417e16f243f24654b9c20ce9e2091a60) Importer(815301076,1909f56bfc062723c751e8b465ee728b)  -> (artifact id: '34c68eec4c1bf8ce5dfec94ba625af0d') in 0.017223 seconds
Number of updated asset objects reloaded before import = 0
Number of asset objects unloaded after import = 3
========================================================================
Received Import Request.
  Time since last request: 0.000027 seconds.
  path: Assets/Sprits/SwampAttackAsset/PaperUIKit/Pngs/FullHealthBar.png
  artifactKey: Guid(330928384ba1a224bb03b9221a068920) Importer(815301076,1909f56bfc062723c751e8b465ee728b)
Start importing Assets/Sprits/SwampAttackAsset/PaperUIKit/Pngs/FullHealthBar.png using Guid(330928384ba1a224bb03b9221a068920) Importer(815301076,1909f56bfc062723c751e8b465ee728b)  -> (artifact id: 'e4c7fbb61b6bc0134dad8393e4e6afbf') in 0.015598 seconds
Number of updated asset objects reloaded before import = 0
Number of asset objects unloaded after import = 3
========================================================================
Received Import Request.
  Time since last request: 0.000020 seconds.
  path: Assets/Sprits/SwampAttackAsset/PaperUIKit/Pngs/MediumGreenButton.png
  artifactKey: Guid(43449756468539042ae2f7ce72efc534) Importer(815301076,1909f56bfc062723c751e8b465ee728b)
Start importing Assets/Sprits/SwampAttackAsset/PaperUIKit/Pngs/MediumGreenButton.png using Guid(43449756468539042ae2f7ce72efc534) Importer(815301076,1909f56bfc062723c751e8b465ee728b)  -> (artifact id: '9ac2eb1d6af99f420a84efaf88811b4b') in 0.014838 seconds
Number of updated asset objects reloaded before import = 0
Number of asset objects unloaded after import = 3
========================================================================
Received Import Request.
  Time since last request: 0.000023 seconds.
  path: Assets/Sprits/SwampAttackAsset/PaperUIKit/Pngs/CloseButton.png
  artifactKey: Guid(2208c23118befed4aabd945fe075a75d) Importer(815301076,1909f56bfc062723c751e8b465ee728b)
Start importing Assets/Sprits/SwampAttackAsset/PaperUIKit/Pngs/CloseButton.png using Guid(2208c23118befed4aabd945fe075a75d) Importer(815301076,1909f56bfc062723c751e8b465ee728b)  -> (artifact id: '904de4547a4141625f397286cdd98a53') in 0.017823 seconds
Number of updated asset objects reloaded before import = 0
Number of asset objects unloaded after import = 3
========================================================================
Received Import Request.
  Time since last request: 0.000020 seconds.
  path: Assets/Sprits/SwampAttackAsset/PaperUIKit/Pngs/MediumGreenButtonPressed.png
  artifactKey: Guid(ff2cb705acc368b43835136a3992c757) Importer(815301076,1909f56bfc062723c751e8b465ee728b)
Start importing Assets/Sprits/SwampAttackAsset/PaperUIKit/Pngs/MediumGreenButtonPressed.png using Guid(ff2cb705acc368b43835136a3992c757) Importer(815301076,1909f56bfc062723c751e8b465ee728b)  -> (artifact id: '8dc3e073575c74a5cd512e8d56433250') in 0.014194 seconds
Number of updated asset objects reloaded before import = 0
Number of asset objects unloaded after import = 3
========================================================================
Received Import Request.
  Time since last request: 0.000026 seconds.
  path: Assets/Sprits/SwampAttackAsset/PaperUIKit/Pngs/LargeBackground.png
  artifactKey: Guid(cce5ad86b02744148be66f668f5ef1e5) Importer(815301076,1909f56bfc062723c751e8b465ee728b)
Start importing Assets/Sprits/SwampAttackAsset/PaperUIKit/Pngs/LargeBackground.png using Guid(cce5ad86b02744148be66f668f5ef1e5) Importer(815301076,1909f56bfc062723c751e8b465ee728b)  -> (artifact id: '7cc3c06c7f23ccaa5d220fc38893629e') in 0.029181 seconds
Number of updated asset objects reloaded before import = 0
Number of asset objects unloaded after import = 3
Editor requested this worker to shutdown with reason: Scaling down because of idle timeout
TcpMessagingSession - receive error: operation aborted. errorcode: 995, details: Операция ввода/вывода была прервана из-за завершения потока команд или по запросу приложения.
AssetImportWorker is now disconnected from the server
Process exiting
Exiting without the bug reporter. Application will terminate with return code 0