Using pre-set license
Built from '2022.3/release' branch; Version is '2022.3.12f1 (4fe6e059c7ef) revision 5236448'; Using compiler version '192829333'; Build Type 'Release'
OS: 'Windows 11  (10.0.22621) 64bit Professional' Language: 'ru' Physical Memory: 24423 MB
BatchMode: 1, IsHumanControllingUs: 0, StartBugReporterOnCrash: 0, Is64bit: 1, IsPro: 1

COMMAND LINE ARGUMENTS:
C:\Program Files\Unity\Hub\Editor\2022.3.12f1\Editor\Unity.exe
-adb2
-batchMode
-noUpm
-name
AssetImportWorker0
-projectPath
C:/РЎР°С€Р°/Swamp Attack
-logFile
Logs/AssetImportWorker0.log
-srvPort
61130
Successfully changed project path to: C:/РЎР°С€Р°/Swamp Attack
C:/РЎР°С€Р°/Swamp Attack
[UnityMemory] Configuration Parameters - Can be set up in boot.config
    "memorysetup-bucket-allocator-granularity=16"
    "memorysetup-bucket-allocator-bucket-count=8"
    "memorysetup-bucket-allocator-block-size=33554432"
    "memorysetup-bucket-allocator-block-count=8"
    "memorysetup-main-allocator-block-size=16777216"
    "memorysetup-thread-allocator-block-size=16777216"
    "memorysetup-gfx-main-allocator-block-size=16777216"
    "memorysetup-gfx-thread-allocator-block-size=16777216"
    "memorysetup-cache-allocator-block-size=4194304"
    "memorysetup-typetree-allocator-block-size=2097152"
    "memorysetup-profiler-bucket-allocator-granularity=16"
    "memorysetup-profiler-bucket-allocator-bucket-count=8"
    "memorysetup-profiler-bucket-allocator-block-size=33554432"
    "memorysetup-profiler-bucket-allocator-block-count=8"
    "memorysetup-profiler-allocator-block-size=16777216"
    "memorysetup-profiler-editor-allocator-block-size=1048576"
    "memorysetup-temp-allocator-size-main=16777216"
    "memorysetup-job-temp-allocator-block-size=2097152"
    "memorysetup-job-temp-allocator-block-size-background=1048576"
    "memorysetup-job-temp-allocator-reduction-small-platforms=262144"
    "memorysetup-allocator-temp-initial-block-size-main=262144"
    "memorysetup-allocator-temp-initial-block-size-worker=262144"
    "memorysetup-temp-allocator-size-background-worker=32768"
    "memorysetup-temp-allocator-size-job-worker=262144"
    "memorysetup-temp-allocator-size-preload-manager=33554432"
    "memorysetup-temp-allocator-size-nav-mesh-worker=65536"
    "memorysetup-temp-allocator-size-audio-worker=65536"
    "memorysetup-temp-allocator-size-cloud-worker=32768"
    "memorysetup-temp-allocator-size-gi-baking-worker=262144"
    "memorysetup-temp-allocator-size-gfx=262144"
Player connection [21388] Host "[IP] 192.168.0.205 [Port] 0 [Flags] 2 [Guid] 526585501 [EditorId] 526585501 [Version] 1048832 [Id] WindowsEditor(7,RECEPTION1) [Debug] 1 [PackageName] WindowsEditor [ProjectName] Editor" joined multi-casting on [225.0.0.222:54997]...

Player connection [21388] Host "[IP] 192.168.0.205 [Port] 0 [Flags] 2 [Guid] 526585501 [EditorId] 526585501 [Version] 1048832 [Id] WindowsEditor(7,RECEPTION1) [Debug] 1 [PackageName] WindowsEditor [ProjectName] Editor" joined alternative multi-casting on [225.0.0.222:34997]...

[Physics::Module] Initialized MultithreadedJobDispatcher with 11 workers.
Refreshing native plugins compatible for Editor in 8.33 ms, found 4 plugins.
Preloading 0 native plugins for Editor in 0.00 ms.
Initialize engine version: 2022.3.12f1 (4fe6e059c7ef)
[Subsystems] Discovering subsystems at path C:/Program Files/Unity/Hub/Editor/2022.3.12f1/Editor/Data/Resources/UnitySubsystems
[Subsystems] Discovering subsystems at path C:/РЎР°С€Р°/Swamp Attack/Assets
GfxDevice: creating device client; threaded=0; jobified=0
Direct3D:
    Version:  Direct3D 11.0 [level 11.1]
    Renderer: NVIDIA GeForce GTX 1050 Ti (ID=0x1c82)
    Vendor:   NVIDIA
    VRAM:     4019 MB
    Driver:   30.0.14.7168
Initialize mono
Mono path[0] = 'C:/Program Files/Unity/Hub/Editor/2022.3.12f1/Editor/Data/Managed'
Mono path[1] = 'C:/Program Files/Unity/Hub/Editor/2022.3.12f1/Editor/Data/MonoBleedingEdge/lib/mono/unityjit-win32'
Mono config path = 'C:/Program Files/Unity/Hub/Editor/2022.3.12f1/Editor/Data/MonoBleedingEdge/etc'
Using monoOptions --debugger-agent=transport=dt_socket,embedding=1,server=y,suspend=n,address=127.0.0.1:56076
Begin MonoManager ReloadAssembly
Registering precompiled unity dll's ...
Register platform support module: C:/Program Files/Unity/Hub/Editor/2022.3.12f1/Editor/Data/PlaybackEngines/AndroidPlayer/UnityEditor.Android.Extensions.dll
Register platform support module: C:/Program Files/Unity/Hub/Editor/2022.3.12f1/Editor/Data/PlaybackEngines/WindowsStandaloneSupport/UnityEditor.WindowsStandalone.Extensions.dll
Registered in 0.006372 seconds.
- Loaded All Assemblies, in  0.363 seconds
Native extension for WindowsStandalone target not found
Native extension for Android target not found
Android Extension - Scanning For ADB Devices 694 ms
Mono: successfully reloaded assembly
- Finished resetting the current domain, in  1.012 seconds
Domain Reload Profiling: 1374ms
	BeginReloadAssembly (104ms)
		ExecutionOrderSort (0ms)
		DisableScriptedObjects (0ms)
		BackupInstance (0ms)
		ReleaseScriptingObjects (0ms)
		CreateAndSetChildDomain (1ms)
	RebuildCommonClasses (37ms)
	RebuildNativeTypeToScriptingClass (12ms)
	initialDomainReloadingComplete (58ms)
	LoadAllAssembliesAndSetupDomain (151ms)
		LoadAssemblies (102ms)
		RebuildTransferFunctionScriptingTraits (0ms)
		AnalyzeDomain (149ms)
			TypeCache.Refresh (147ms)
				TypeCache.ScanAssembly (133ms)
			ScanForSourceGeneratedMonoScriptInfo (0ms)
			ResolveRequiredComponents (0ms)
	FinalizeReload (1012ms)
		ReleaseScriptCaches (0ms)
		RebuildScriptCaches (0ms)
		SetupLoadedEditorAssemblies (952ms)
			LogAssemblyErrors (0ms)
			InitializePlatformSupportModulesInManaged (800ms)
			SetLoadedEditorAssemblies (4ms)
			RefreshPlugins (0ms)
			BeforeProcessingInitializeOnLoad (2ms)
			ProcessInitializeOnLoadAttributes (99ms)
			ProcessInitializeOnLoadMethodAttributes (47ms)
			AfterProcessingInitializeOnLoad (0ms)
			EditorAssembliesLoaded (0ms)
		ExecutionOrderSort2 (0ms)
		AwakeInstancesAfterBackupRestoration (0ms)
========================================================================
Worker process is ready to serve import requests
Begin MonoManager ReloadAssembly
- Loaded All Assemblies, in  0.636 seconds
Refreshing native plugins compatible for Editor in 3.42 ms, found 4 plugins.
Native extension for WindowsStandalone target not found
Native extension for Android target not found
Package Manager log level set to [2]
[Package Manager] Server::EnsureServerProcessIsRunning -- launch failed, reason: Unity was launched with the -noUpm command-line argument
[Package Manager] UpmClient::Send -- Unable to send message (not connected to UPM process).
[Package Manager] Cannot connect to Unity Package Manager local server
Mono: successfully reloaded assembly
- Finished resetting the current domain, in  0.614 seconds
Domain Reload Profiling: 1248ms
	BeginReloadAssembly (145ms)
		ExecutionOrderSort (0ms)
		DisableScriptedObjects (6ms)
		BackupInstance (0ms)
		ReleaseScriptingObjects (0ms)
		CreateAndSetChildDomain (25ms)
	RebuildCommonClasses (35ms)
	RebuildNativeTypeToScriptingClass (12ms)
	initialDomainReloadingComplete (41ms)
	LoadAllAssembliesAndSetupDomain (401ms)
		LoadAssemblies (276ms)
		RebuildTransferFunctionScriptingTraits (0ms)
		AnalyzeDomain (204ms)
			TypeCache.Refresh (177ms)
				TypeCache.ScanAssembly (159ms)
			ScanForSourceGeneratedMonoScriptInfo (21ms)
			ResolveRequiredComponents (5ms)
	FinalizeReload (615ms)
		ReleaseScriptCaches (0ms)
		RebuildScriptCaches (0ms)
		SetupLoadedEditorAssemblies (448ms)
			LogAssemblyErrors (0ms)
			InitializePlatformSupportModulesInManaged (23ms)
			SetLoadedEditorAssemblies (4ms)
			RefreshPlugins (0ms)
			BeforeProcessingInitializeOnLoad (67ms)
			ProcessInitializeOnLoadAttributes (309ms)
			ProcessInitializeOnLoadMethodAttributes (39ms)
			AfterProcessingInitializeOnLoad (6ms)
			EditorAssembliesLoaded (0ms)
		ExecutionOrderSort2 (0ms)
		AwakeInstancesAfterBackupRestoration (8ms)
Launched and connected shader compiler UnityShaderCompiler.exe after 0.07 seconds
Refreshing native plugins compatible for Editor in 3.53 ms, found 4 plugins.
Preloading 0 native plugins for Editor in 0.00 ms.
Unloading 4017 Unused Serialized files (Serialized files now loaded: 0)
Unloading 70 unused Assets / (245.5 KB). Loaded Objects now: 4476.
Memory consumption went from 148.2 MB to 148.0 MB.
Total: 3.679200 ms (FindLiveObjects: 0.336400 ms CreateObjectMapping: 0.366300 ms MarkObjects: 2.760300 ms  DeleteObjects: 0.215100 ms)

AssetImportParameters requested are different than current active one (requested -> active):
  custom:container-demuxer-ogg: 62fdf1f143b41e24485cea50d1cbac27 -> 
  custom:video-codec-MediaFoundation-h265: 746d11721c4dcdbdad8f713fa42b33f4 -> 
  custom:video-decoder-ogg-theora: a1e56fd34408186e4bbccfd4996cb3dc -> 
  custom:framework-win-MediaFoundation: 216162199b28c13a410421893ffa2e32 -> 
  custom:CustomObjectIndexerAttribute: 756ad292c208cfabdd7b50bc23989ffe -> 
  custom:container-demuxer-webm: 4f35f7cbe854078d1ac9338744f61a02 -> 
  custom:container-muxer-webm: aa71ff27fc2769a1b78a27578f13a17b -> 
  custom:video-decoder-webm-vp8: 9c59270c3fd7afecdb556c50c9e8de78 -> 
  custom:SearchIndexIgnoredProperties: e643bd26f0fe6173181afceb89e7c659 -> 
  custom:AudioImporter_EditorPlatform: d09bf68614088b80899f8185d706f6e7 -> 
  custom:video-encoder-webm-vp8: eb34c28f22e8b96e1ab97ce403110664 -> 
  custom:audio-decoder-ogg-vorbis: bf7c407c2cedff20999df2af8eb42d56 -> 
  custom:audio-encoder-webm-vorbis: bf7c407c2cedff20999df2af8eb42d56 -> 
========================================================================
Received Import Request.
  Time since last request: 332273.404837 seconds.
  path: Assets/Sprits/SwampAttackAsset/CartoonViking/CartoonViking
  artifactKey: Guid(69e8299041766644db68daac1ad86db1) Importer(815301076,1909f56bfc062723c751e8b465ee728b)
Start importing Assets/Sprits/SwampAttackAsset/CartoonViking/CartoonViking using Guid(69e8299041766644db68daac1ad86db1) Importer(815301076,1909f56bfc062723c751e8b465ee728b)  -> (artifact id: 'b97324ec174db6f2e6595addd892b18b') in 0.003424 seconds
Number of updated asset objects reloaded before import = 0
Number of asset objects unloaded after import = 0
========================================================================
Received Import Request.
  Time since last request: 8.919063 seconds.
  path: Assets/Sprits/SwampAttackAsset/CartoonViking/CartoonViking/AxeToGun01
  artifactKey: Guid(7cf79832723f08249810bb8eea73f58b) Importer(815301076,1909f56bfc062723c751e8b465ee728b)
Start importing Assets/Sprits/SwampAttackAsset/CartoonViking/CartoonViking/AxeToGun01 using Guid(7cf79832723f08249810bb8eea73f58b) Importer(815301076,1909f56bfc062723c751e8b465ee728b)  -> (artifact id: '78993a87c30d7f99cde72e305b6c9136') in 0.000604 seconds
Number of updated asset objects reloaded before import = 0
Number of asset objects unloaded after import = 0
========================================================================
Received Import Request.
  Time since last request: 0.882199 seconds.
  path: Assets/Sprits/SwampAttackAsset/CartoonViking/CartoonViking/AxeToGun01/AxeToGun01_01.png
  artifactKey: Guid(938341b7c3657414b9a2e8093e14e2d4) Importer(815301076,1909f56bfc062723c751e8b465ee728b)
Start importing Assets/Sprits/SwampAttackAsset/CartoonViking/CartoonViking/AxeToGun01/AxeToGun01_01.png using Guid(938341b7c3657414b9a2e8093e14e2d4) Importer(815301076,1909f56bfc062723c751e8b465ee728b)  -> (artifact id: '4c816f54cb76377a5f0545ec4c43ad4a') in 0.064749 seconds
Number of updated asset objects reloaded before import = 0
Number of asset objects unloaded after import = 3
========================================================================
Received Import Request.
  Time since last request: 0.000018 seconds.
  path: Assets/Sprits/SwampAttackAsset/CartoonViking/CartoonViking/AxeToGun01/AxeToGun01_06.png
  artifactKey: Guid(04d363e0a363ca645afe5a501fb684f7) Importer(815301076,1909f56bfc062723c751e8b465ee728b)
Start importing Assets/Sprits/SwampAttackAsset/CartoonViking/CartoonViking/AxeToGun01/AxeToGun01_06.png using Guid(04d363e0a363ca645afe5a501fb684f7) Importer(815301076,1909f56bfc062723c751e8b465ee728b)  -> (artifact id: '5be6f73b6f2105ae0130524024515052') in 0.025351 seconds
Number of updated asset objects reloaded before import = 0
Number of asset objects unloaded after import = 3
========================================================================
Received Import Request.
  Time since last request: 0.000026 seconds.
  path: Assets/Sprits/SwampAttackAsset/CartoonViking/CartoonViking/AxeToGun01/AxeToGun01_11.png
  artifactKey: Guid(ba331a672165afe4296330dcd970ef0e) Importer(815301076,1909f56bfc062723c751e8b465ee728b)
Start importing Assets/Sprits/SwampAttackAsset/CartoonViking/CartoonViking/AxeToGun01/AxeToGun01_11.png using Guid(ba331a672165afe4296330dcd970ef0e) Importer(815301076,1909f56bfc062723c751e8b465ee728b)  -> (artifact id: 'c9b19bd1ad5b2ad77a619f9142bf87e5') in 0.013974 seconds
Number of updated asset objects reloaded before import = 0
Number of asset objects unloaded after import = 3
========================================================================
Received Import Request.
  Time since last request: 0.000016 seconds.
  path: Assets/Sprits/SwampAttackAsset/CartoonViking/CartoonViking/AxeToGun01/AxeToGun01_15.png
  artifactKey: Guid(721f035f9f3d5ee408abc350d01e6450) Importer(815301076,1909f56bfc062723c751e8b465ee728b)
Start importing Assets/Sprits/SwampAttackAsset/CartoonViking/CartoonViking/AxeToGun01/AxeToGun01_15.png using Guid(721f035f9f3d5ee408abc350d01e6450) Importer(815301076,1909f56bfc062723c751e8b465ee728b)  -> (artifact id: '39872650954faa8d902bd59127603b23') in 0.012974 seconds
Number of updated asset objects reloaded before import = 0
Number of asset objects unloaded after import = 3
========================================================================
Received Import Request.
  Time since last request: 0.000025 seconds.
  path: Assets/Sprits/SwampAttackAsset/CartoonViking/CartoonViking/AxeToGun01/AxeToGun01_13.png
  artifactKey: Guid(530cfd602b3d65f469fb5cd61d3b450b) Importer(815301076,1909f56bfc062723c751e8b465ee728b)
Start importing Assets/Sprits/SwampAttackAsset/CartoonViking/CartoonViking/AxeToGun01/AxeToGun01_13.png using Guid(530cfd602b3d65f469fb5cd61d3b450b) Importer(815301076,1909f56bfc062723c751e8b465ee728b)  -> (artifact id: '3dcec0e6fcd42006fdeba4968fa7f1d5') in 0.013789 seconds
Number of updated asset objects reloaded before import = 0
Number of asset objects unloaded after import = 3
========================================================================
Received Import Request.
  Time since last request: 0.000015 seconds.
  path: Assets/Sprits/SwampAttackAsset/CartoonViking/CartoonViking/AxeToGun01/AxeToGun01_14.png
  artifactKey: Guid(3b5745123782ea54d9c5d677b6b68a56) Importer(815301076,1909f56bfc062723c751e8b465ee728b)
Start importing Assets/Sprits/SwampAttackAsset/CartoonViking/CartoonViking/AxeToGun01/AxeToGun01_14.png using Guid(3b5745123782ea54d9c5d677b6b68a56) Importer(815301076,1909f56bfc062723c751e8b465ee728b)  -> (artifact id: 'dbd43bc2a840be7092d27369d7f85ad0') in 0.015572 seconds
Number of updated asset objects reloaded before import = 0
Number of asset objects unloaded after import = 3
========================================================================
Received Import Request.
  Time since last request: 0.000013 seconds.
  path: Assets/Sprits/SwampAttackAsset/CartoonViking/CartoonViking/AxeToGun01/AxeToGun01_10.png
  artifactKey: Guid(dfb8b3192822ce74ca0b2fb157be73a5) Importer(815301076,1909f56bfc062723c751e8b465ee728b)
Start importing Assets/Sprits/SwampAttackAsset/CartoonViking/CartoonViking/AxeToGun01/AxeToGun01_10.png using Guid(dfb8b3192822ce74ca0b2fb157be73a5) Importer(815301076,1909f56bfc062723c751e8b465ee728b)  -> (artifact id: '2a72167337e95ba7c1ca629bd635afeb') in 0.017026 seconds
Number of updated asset objects reloaded before import = 0
Number of asset objects unloaded after import = 3
========================================================================
Received Import Request.
  Time since last request: 0.000015 seconds.
  path: Assets/Sprits/SwampAttackAsset/CartoonViking/CartoonViking/AxeToGun01/AxeToGun01_03.png
  artifactKey: Guid(cf2386d1fcb20ea4691f167b422b7968) Importer(815301076,1909f56bfc062723c751e8b465ee728b)
Start importing Assets/Sprits/SwampAttackAsset/CartoonViking/CartoonViking/AxeToGun01/AxeToGun01_03.png using Guid(cf2386d1fcb20ea4691f167b422b7968) Importer(815301076,1909f56bfc062723c751e8b465ee728b)  -> (artifact id: '7435b0ea0a2fd4e5d11ba81b359c690a') in 0.016275 seconds
Number of updated asset objects reloaded before import = 0
Number of asset objects unloaded after import = 3
========================================================================
Received Import Request.
  Time since last request: 34.484260 seconds.
  path: Assets/Sprits/SwampAttackAsset/CartoonViking/CartoonViking/HitGun01/HitGun01_02.png
  artifactKey: Guid(0196dd1cb8f9e234e893a4a16f6c01e9) Importer(815301076,1909f56bfc062723c751e8b465ee728b)
Start importing Assets/Sprits/SwampAttackAsset/CartoonViking/CartoonViking/HitGun01/HitGun01_02.png using Guid(0196dd1cb8f9e234e893a4a16f6c01e9) Importer(815301076,1909f56bfc062723c751e8b465ee728b)  -> (artifact id: 'be3161741b52bce64bd6c1e585b9db44') in 0.143221 seconds
Number of updated asset objects reloaded before import = 0
Number of asset objects unloaded after import = 3
========================================================================
Received Import Request.
  Time since last request: 0.000019 seconds.
  path: Assets/Sprits/SwampAttackAsset/CartoonViking/CartoonViking/HitGun01/HitGun01_04.png
  artifactKey: Guid(06915379894d97a4382807f96485f69a) Importer(815301076,1909f56bfc062723c751e8b465ee728b)
Start importing Assets/Sprits/SwampAttackAsset/CartoonViking/CartoonViking/HitGun01/HitGun01_04.png using Guid(06915379894d97a4382807f96485f69a) Importer(815301076,1909f56bfc062723c751e8b465ee728b)  -> (artifact id: '5c96a72e2a829721d7c0172080313729') in 0.011140 seconds
Number of updated asset objects reloaded before import = 0
Number of asset objects unloaded after import = 3
========================================================================
Received Import Request.
  Time since last request: 24.930977 seconds.
  path: Assets/Sprits/SwampAttackAsset/CartoonViking/CartoonViking/IdlePose01/IdlePose01_02.png
  artifactKey: Guid(364bb953d5ff2c641acd615ba3f7a591) Importer(815301076,1909f56bfc062723c751e8b465ee728b)
Start importing Assets/Sprits/SwampAttackAsset/CartoonViking/CartoonViking/IdlePose01/IdlePose01_02.png using Guid(364bb953d5ff2c641acd615ba3f7a591) Importer(815301076,1909f56bfc062723c751e8b465ee728b)  -> (artifact id: '35b3f019b425c9a1b0317c9a18573f3b') in 0.014713 seconds
Number of updated asset objects reloaded before import = 0
Number of asset objects unloaded after import = 3
========================================================================
Received Import Request.
  Time since last request: 3.160334 seconds.
  path: Assets/Sprits/SwampAttackAsset/CartoonViking/CartoonViking/IdlePose02/IdlePose02_02.png
  artifactKey: Guid(f98cb32bc725bee409b4f0fea0a3f57a) Importer(815301076,1909f56bfc062723c751e8b465ee728b)
Start importing Assets/Sprits/SwampAttackAsset/CartoonViking/CartoonViking/IdlePose02/IdlePose02_02.png using Guid(f98cb32bc725bee409b4f0fea0a3f57a) Importer(815301076,1909f56bfc062723c751e8b465ee728b)  -> (artifact id: 'cba40279926c95f1691569fe6203ca13') in 0.011994 seconds
Number of updated asset objects reloaded before import = 0
Number of asset objects unloaded after import = 3
========================================================================
Received Import Request.
  Time since last request: 0.000013 seconds.
  path: Assets/Sprits/SwampAttackAsset/CartoonViking/CartoonViking/IdlePose02/IdlePose02_05.png
  artifactKey: Guid(b12ffafbdd069e24195b4b94ef887e04) Importer(815301076,1909f56bfc062723c751e8b465ee728b)
Start importing Assets/Sprits/SwampAttackAsset/CartoonViking/CartoonViking/IdlePose02/IdlePose02_05.png using Guid(b12ffafbdd069e24195b4b94ef887e04) Importer(815301076,1909f56bfc062723c751e8b465ee728b)  -> (artifact id: 'adb785ba7d72059797e1cb1102baeddc') in 0.010972 seconds
Number of updated asset objects reloaded before import = 0
Number of asset objects unloaded after import = 3
========================================================================
Received Import Request.
  Time since last request: 0.000018 seconds.
  path: Assets/Sprits/SwampAttackAsset/CartoonViking/CartoonViking/IdlePose02/IdlePose02_04.png
  artifactKey: Guid(bee114223036560449a8c5cd73227e93) Importer(815301076,1909f56bfc062723c751e8b465ee728b)
Start importing Assets/Sprits/SwampAttackAsset/CartoonViking/CartoonViking/IdlePose02/IdlePose02_04.png using Guid(bee114223036560449a8c5cd73227e93) Importer(815301076,1909f56bfc062723c751e8b465ee728b)  -> (artifact id: 'c7dc9dec5e3e0df3a2ca03b1efc6b196') in 0.012303 seconds
Number of updated asset objects reloaded before import = 0
Number of asset objects unloaded after import = 3
========================================================================
Received Import Request.
  Time since last request: 0.000014 seconds.
  path: Assets/Sprits/SwampAttackAsset/CartoonViking/CartoonViking/IdlePose02/IdlePose02_13.png
  artifactKey: Guid(4e6822dc129c35347b45732203710873) Importer(815301076,1909f56bfc062723c751e8b465ee728b)
Start importing Assets/Sprits/SwampAttackAsset/CartoonViking/CartoonViking/IdlePose02/IdlePose02_13.png using Guid(4e6822dc129c35347b45732203710873) Importer(815301076,1909f56bfc062723c751e8b465ee728b)  -> (artifact id: '1eb946bbbee38ad7741cec6d584bc28d') in 0.011600 seconds
Number of updated asset objects reloaded before import = 0
Number of asset objects unloaded after import = 3
========================================================================
Received Import Request.
  Time since last request: 0.000017 seconds.
  path: Assets/Sprits/SwampAttackAsset/CartoonViking/CartoonViking/IdlePose02/IdlePose02_18.png
  artifactKey: Guid(6bf0ad2f7f912a04b9bcd654b15c8bb3) Importer(815301076,1909f56bfc062723c751e8b465ee728b)
Start importing Assets/Sprits/SwampAttackAsset/CartoonViking/CartoonViking/IdlePose02/IdlePose02_18.png using Guid(6bf0ad2f7f912a04b9bcd654b15c8bb3) Importer(815301076,1909f56bfc062723c751e8b465ee728b)  -> (artifact id: '4e2ca65a78a60aefd55af83ccf7f71a8') in 0.012893 seconds
Number of updated asset objects reloaded before import = 0
Number of asset objects unloaded after import = 3
========================================================================
Received Import Request.
  Time since last request: 0.000013 seconds.
  path: Assets/Sprits/SwampAttackAsset/CartoonViking/CartoonViking/IdlePose02/IdlePose02_08.png
  artifactKey: Guid(828d9b788e05f714c9b457f3f22f4155) Importer(815301076,1909f56bfc062723c751e8b465ee728b)
Start importing Assets/Sprits/SwampAttackAsset/CartoonViking/CartoonViking/IdlePose02/IdlePose02_08.png using Guid(828d9b788e05f714c9b457f3f22f4155) Importer(815301076,1909f56bfc062723c751e8b465ee728b)  -> (artifact id: '65b9c2a3bca0a0b429dcbd206175953d') in 0.011042 seconds
Number of updated asset objects reloaded before import = 0
Number of asset objects unloaded after import = 3
========================================================================
Received Import Request.
  Time since last request: 4.378020 seconds.
  path: Assets/Sprits/SwampAttackAsset/CartoonViking/CartoonViking/Pose01ToPose02/Pose01ToPose02_02.png
  artifactKey: Guid(77609cc3296cf31488df478acd609a82) Importer(815301076,1909f56bfc062723c751e8b465ee728b)
Start importing Assets/Sprits/SwampAttackAsset/CartoonViking/CartoonViking/Pose01ToPose02/Pose01ToPose02_02.png using Guid(77609cc3296cf31488df478acd609a82) Importer(815301076,1909f56bfc062723c751e8b465ee728b)  -> (artifact id: 'f2234ffdc208e11d2ca4b4992269e897') in 0.015937 seconds
Number of updated asset objects reloaded before import = 0
Number of asset objects unloaded after import = 3
========================================================================
Received Import Request.
  Time since last request: 0.000018 seconds.
  path: Assets/Sprits/SwampAttackAsset/CartoonViking/CartoonViking/Pose01ToPose02/Pose01ToPose02_05.png
  artifactKey: Guid(d15a6e20e3f4310419931e45761e9b1c) Importer(815301076,1909f56bfc062723c751e8b465ee728b)
Start importing Assets/Sprits/SwampAttackAsset/CartoonViking/CartoonViking/Pose01ToPose02/Pose01ToPose02_05.png using Guid(d15a6e20e3f4310419931e45761e9b1c) Importer(815301076,1909f56bfc062723c751e8b465ee728b)  -> (artifact id: '7a10d1f8af3c27c51e7ff484cd333e64') in 0.013352 seconds
Number of updated asset objects reloaded before import = 0
Number of asset objects unloaded after import = 3
========================================================================
Received Import Request.
  Time since last request: 25.336913 seconds.
  path: Assets/Sprits/SwampAttackAsset/CartoonViking/CartoonViking/IdlePose01/IdlePose01_03.png
  artifactKey: Guid(e4283b23e5e39314fa46ff58b4f11583) Importer(815301076,1909f56bfc062723c751e8b465ee728b)
Start importing Assets/Sprits/SwampAttackAsset/CartoonViking/CartoonViking/IdlePose01/IdlePose01_03.png using Guid(e4283b23e5e39314fa46ff58b4f11583) Importer(815301076,1909f56bfc062723c751e8b465ee728b)  -> (artifact id: '3cae136a41e1a18145b6a892ebcb6dc0') in 0.014777 seconds
Number of updated asset objects reloaded before import = 0
Number of asset objects unloaded after import = 3
========================================================================
Received Import Request.
  Time since last request: 22.145935 seconds.
  path: Assets/Sprits/SwampAttackAsset/CartoonViking/CartoonViking/IdlePose02/IdlePose02_03.png
  artifactKey: Guid(a9a903e3bf7e24541bda945c83c2e6df) Importer(815301076,1909f56bfc062723c751e8b465ee728b)
Start importing Assets/Sprits/SwampAttackAsset/CartoonViking/CartoonViking/IdlePose02/IdlePose02_03.png using Guid(a9a903e3bf7e24541bda945c83c2e6df) Importer(815301076,1909f56bfc062723c751e8b465ee728b)  -> (artifact id: '95c2db4a9cb2e1cc5cf239d45e77d5c4') in 0.014774 seconds
Number of updated asset objects reloaded before import = 0
Number of asset objects unloaded after import = 3
========================================================================
Received Import Request.
  Time since last request: 0.000016 seconds.
  path: Assets/Sprits/SwampAttackAsset/CartoonViking/CartoonViking/IdlePose02/IdlePose02_16.png
  artifactKey: Guid(dac9c514e3c3510498cae54f04b0581b) Importer(815301076,1909f56bfc062723c751e8b465ee728b)
Start importing Assets/Sprits/SwampAttackAsset/CartoonViking/CartoonViking/IdlePose02/IdlePose02_16.png using Guid(dac9c514e3c3510498cae54f04b0581b) Importer(815301076,1909f56bfc062723c751e8b465ee728b)  -> (artifact id: 'd672b35cf1aa49239e139361bb58972c') in 0.027551 seconds
Number of updated asset objects reloaded before import = 0
Number of asset objects unloaded after import = 3
========================================================================
Received Import Request.
  Time since last request: 0.000022 seconds.
  path: Assets/Sprits/SwampAttackAsset/CartoonViking/CartoonViking/IdlePose02/IdlePose02_10.png
  artifactKey: Guid(b808db84344d1ba4c9ef5b9491ac8f01) Importer(815301076,1909f56bfc062723c751e8b465ee728b)
Start importing Assets/Sprits/SwampAttackAsset/CartoonViking/CartoonViking/IdlePose02/IdlePose02_10.png using Guid(b808db84344d1ba4c9ef5b9491ac8f01) Importer(815301076,1909f56bfc062723c751e8b465ee728b)  -> (artifact id: '45c729b438f8e21266003abffab0d57a') in 0.023946 seconds
Number of updated asset objects reloaded before import = 0
Number of asset objects unloaded after import = 3
========================================================================
Received Import Request.
  Time since last request: 0.000019 seconds.
  path: Assets/Sprits/SwampAttackAsset/CartoonViking/CartoonViking/IdlePose02/IdlePose02_13.png
  artifactKey: Guid(4e6822dc129c35347b45732203710873) Importer(815301076,1909f56bfc062723c751e8b465ee728b)
Start importing Assets/Sprits/SwampAttackAsset/CartoonViking/CartoonViking/IdlePose02/IdlePose02_13.png using Guid(4e6822dc129c35347b45732203710873) Importer(815301076,1909f56bfc062723c751e8b465ee728b)  -> (artifact id: '7a1c912005949266db9f8d4759b8cf44') in 0.020200 seconds
Number of updated asset objects reloaded before import = 0
Number of asset objects unloaded after import = 3
========================================================================
Received Import Request.
  Time since last request: 0.000024 seconds.
  path: Assets/Sprits/SwampAttackAsset/CartoonViking/CartoonViking/IdlePose02/IdlePose02_18.png
  artifactKey: Guid(6bf0ad2f7f912a04b9bcd654b15c8bb3) Importer(815301076,1909f56bfc062723c751e8b465ee728b)
Start importing Assets/Sprits/SwampAttackAsset/CartoonViking/CartoonViking/IdlePose02/IdlePose02_18.png using Guid(6bf0ad2f7f912a04b9bcd654b15c8bb3) Importer(815301076,1909f56bfc062723c751e8b465ee728b)  -> (artifact id: '34690215afe69298916760fc1433bfc0') in 0.020889 seconds
Number of updated asset objects reloaded before import = 0
Number of asset objects unloaded after import = 3
========================================================================
Received Import Request.
  Time since last request: 0.000026 seconds.
  path: Assets/Sprits/SwampAttackAsset/CartoonViking/CartoonViking/IdlePose02/IdlePose02_19.png
  artifactKey: Guid(51a8618943e6261478cef88f243e8439) Importer(815301076,1909f56bfc062723c751e8b465ee728b)
Start importing Assets/Sprits/SwampAttackAsset/CartoonViking/CartoonViking/IdlePose02/IdlePose02_19.png using Guid(51a8618943e6261478cef88f243e8439) Importer(815301076,1909f56bfc062723c751e8b465ee728b)  -> (artifact id: '33ceba6badd0cda00c65a3c3d1d17fac') in 0.012665 seconds
Number of updated asset objects reloaded before import = 0
Number of asset objects unloaded after import = 3
========================================================================
Received Import Request.
  Time since last request: 0.000018 seconds.
  path: Assets/Sprits/SwampAttackAsset/CartoonViking/CartoonViking/IdlePose02/IdlePose02_20.png
  artifactKey: Guid(9af1f3f2b10e8644aac73f4499e490cd) Importer(815301076,1909f56bfc062723c751e8b465ee728b)
Start importing Assets/Sprits/SwampAttackAsset/CartoonViking/CartoonViking/IdlePose02/IdlePose02_20.png using Guid(9af1f3f2b10e8644aac73f4499e490cd) Importer(815301076,1909f56bfc062723c751e8b465ee728b)  -> (artifact id: '0f63bd22b0fe1bf5b485df1671d3846c') in 0.016420 seconds
Number of updated asset objects reloaded before import = 0
Number of asset objects unloaded after import = 3
========================================================================
Received Import Request.
  Time since last request: 12.691154 seconds.
  path: Assets/Sprits/SwampAttackAsset/CartoonViking/CartoonViking/IdleGun01/IdleGun01_02.png
  artifactKey: Guid(986d31a736e6980409f496b4af3c183b) Importer(815301076,1909f56bfc062723c751e8b465ee728b)
Start importing Assets/Sprits/SwampAttackAsset/CartoonViking/CartoonViking/IdleGun01/IdleGun01_02.png using Guid(986d31a736e6980409f496b4af3c183b) Importer(815301076,1909f56bfc062723c751e8b465ee728b)  -> (artifact id: '79625e5baa99a39d3ffec25fcfc93c08') in 0.011982 seconds
Number of updated asset objects reloaded before import = 0
Number of asset objects unloaded after import = 3
========================================================================
Received Import Request.
  Time since last request: 0.000012 seconds.
  path: Assets/Sprits/SwampAttackAsset/CartoonViking/CartoonViking/IdleGun01/IdleGun01_05.png
  artifactKey: Guid(73a794c9b5bb0294b8e0b465b74a370a) Importer(815301076,1909f56bfc062723c751e8b465ee728b)
Start importing Assets/Sprits/SwampAttackAsset/CartoonViking/CartoonViking/IdleGun01/IdleGun01_05.png using Guid(73a794c9b5bb0294b8e0b465b74a370a) Importer(815301076,1909f56bfc062723c751e8b465ee728b)  -> (artifact id: '7002aab8df0ff884b9960b81c7a0731c') in 0.015272 seconds
Number of updated asset objects reloaded before import = 0
Number of asset objects unloaded after import = 3
========================================================================
Received Import Request.
  Time since last request: 0.000018 seconds.
  path: Assets/Sprits/SwampAttackAsset/CartoonViking/CartoonViking/IdleGun01/IdleGun01_19.png
  artifactKey: Guid(c2d6998166fe58f4f948f779234ef3e4) Importer(815301076,1909f56bfc062723c751e8b465ee728b)
Start importing Assets/Sprits/SwampAttackAsset/CartoonViking/CartoonViking/IdleGun01/IdleGun01_19.png using Guid(c2d6998166fe58f4f948f779234ef3e4) Importer(815301076,1909f56bfc062723c751e8b465ee728b)  -> (artifact id: '4d18652e8864f3d5234eff2101f71064') in 0.017911 seconds
Number of updated asset objects reloaded before import = 0
Number of asset objects unloaded after import = 3
========================================================================
Received Import Request.
  Time since last request: 0.000019 seconds.
  path: Assets/Sprits/SwampAttackAsset/CartoonViking/CartoonViking/IdleGun01/IdleGun01_14.png
  artifactKey: Guid(6200632ccc99efe419fa9a6c2e7784db) Importer(815301076,1909f56bfc062723c751e8b465ee728b)
Start importing Assets/Sprits/SwampAttackAsset/CartoonViking/CartoonViking/IdleGun01/IdleGun01_14.png using Guid(6200632ccc99efe419fa9a6c2e7784db) Importer(815301076,1909f56bfc062723c751e8b465ee728b)  -> (artifact id: '8492d48b9a996d0278d6f78b842f851a') in 0.030064 seconds
Number of updated asset objects reloaded before import = 0
Number of asset objects unloaded after import = 3
========================================================================
Received Import Request.
  Time since last request: 0.000014 seconds.
  path: Assets/Sprits/SwampAttackAsset/CartoonViking/CartoonViking/IdleGun01/IdleGun01_11.png
  artifactKey: Guid(d22a6af26118b4e4d9be223642ec3082) Importer(815301076,1909f56bfc062723c751e8b465ee728b)
Start importing Assets/Sprits/SwampAttackAsset/CartoonViking/CartoonViking/IdleGun01/IdleGun01_11.png using Guid(d22a6af26118b4e4d9be223642ec3082) Importer(815301076,1909f56bfc062723c751e8b465ee728b)  -> (artifact id: 'd33bf3e106447abc411feed59c86db63') in 0.027695 seconds
Number of updated asset objects reloaded before import = 0
Number of asset objects unloaded after import = 3
========================================================================
Received Import Request.
  Time since last request: 0.000014 seconds.
  path: Assets/Sprits/SwampAttackAsset/CartoonViking/CartoonViking/IdleGun01/IdleGun01_08.png
  artifactKey: Guid(71632e0aeb18e614fa9c3e2b119790de) Importer(815301076,1909f56bfc062723c751e8b465ee728b)
Start importing Assets/Sprits/SwampAttackAsset/CartoonViking/CartoonViking/IdleGun01/IdleGun01_08.png using Guid(71632e0aeb18e614fa9c3e2b119790de) Importer(815301076,1909f56bfc062723c751e8b465ee728b)  -> (artifact id: 'eb3fb443b3e03cdc6dcde755b18c9bdd') in 0.019959 seconds
Number of updated asset objects reloaded before import = 0
Number of asset objects unloaded after import = 3
Editor requested this worker to shutdown with reason: Scaling down because of idle timeout
TcpMessagingSession - receive error: operation aborted. errorcode: 995, details: Операция ввода/вывода была прервана из-за завершения потока команд или по запросу приложения.
AssetImportWorker is now disconnected from the server
Process exiting
Exiting without the bug reporter. Application will terminate with return code 0