Using pre-set license
Built from '2022.3/release' branch; Version is '2022.3.12f1 (4fe6e059c7ef) revision 5236448'; Using compiler version '192829333'; Build Type 'Release'
OS: 'Windows 10  (10.0.19044) 64bit Professional' Language: 'ru' Physical Memory: 12239 MB
BatchMode: 1, IsHumanControllingUs: 0, StartBugReporterOnCrash: 0, Is64bit: 1, IsPro: 1

COMMAND LINE ARGUMENTS:
C:\Program Files\Unity\Hub\Editor\2022.3.12f1\Editor\Unity.exe
-adb2
-batchMode
-noUpm
-name
AssetImportWorker2
-projectPath
D:/Unity/Swamp-Attack
-logFile
Logs/AssetImportWorker2.log
-srvPort
54433
Successfully changed project path to: D:/Unity/Swamp-Attack
D:/Unity/Swamp-Attack
[UnityMemory] Configuration Parameters - Can be set up in boot.config
    "memorysetup-bucket-allocator-granularity=16"
    "memorysetup-bucket-allocator-bucket-count=8"
    "memorysetup-bucket-allocator-block-size=33554432"
    "memorysetup-bucket-allocator-block-count=8"
    "memorysetup-main-allocator-block-size=16777216"
    "memorysetup-thread-allocator-block-size=16777216"
    "memorysetup-gfx-main-allocator-block-size=16777216"
    "memorysetup-gfx-thread-allocator-block-size=16777216"
    "memorysetup-cache-allocator-block-size=4194304"
    "memorysetup-typetree-allocator-block-size=2097152"
    "memorysetup-profiler-bucket-allocator-granularity=16"
    "memorysetup-profiler-bucket-allocator-bucket-count=8"
    "memorysetup-profiler-bucket-allocator-block-size=33554432"
    "memorysetup-profiler-bucket-allocator-block-count=8"
    "memorysetup-profiler-allocator-block-size=16777216"
    "memorysetup-profiler-editor-allocator-block-size=1048576"
    "memorysetup-temp-allocator-size-main=16777216"
    "memorysetup-job-temp-allocator-block-size=2097152"
    "memorysetup-job-temp-allocator-block-size-background=1048576"
    "memorysetup-job-temp-allocator-reduction-small-platforms=262144"
    "memorysetup-allocator-temp-initial-block-size-main=262144"
    "memorysetup-allocator-temp-initial-block-size-worker=262144"
    "memorysetup-temp-allocator-size-background-worker=32768"
    "memorysetup-temp-allocator-size-job-worker=262144"
    "memorysetup-temp-allocator-size-preload-manager=33554432"
    "memorysetup-temp-allocator-size-nav-mesh-worker=65536"
    "memorysetup-temp-allocator-size-audio-worker=65536"
    "memorysetup-temp-allocator-size-cloud-worker=32768"
    "memorysetup-temp-allocator-size-gi-baking-worker=262144"
    "memorysetup-temp-allocator-size-gfx=262144"
Player connection [42788] Host "[IP] 192.168.1.101 [Port] 0 [Flags] 2 [Guid] 559117464 [EditorId] 559117464 [Version] 1048832 [Id] WindowsEditor(7,WIN-4LVBF6F6972) [Debug] 1 [PackageName] WindowsEditor [ProjectName] Editor" joined multi-casting on [225.0.0.222:54997]...

Player connection [42788] Host "[IP] 192.168.1.101 [Port] 0 [Flags] 2 [Guid] 559117464 [EditorId] 559117464 [Version] 1048832 [Id] WindowsEditor(7,WIN-4LVBF6F6972) [Debug] 1 [PackageName] WindowsEditor [ProjectName] Editor" joined alternative multi-casting on [225.0.0.222:34997]...

[Physics::Module] Initialized MultithreadedJobDispatcher with 11 workers.
Refreshing native plugins compatible for Editor in 11.89 ms, found 4 plugins.
Preloading 0 native plugins for Editor in 0.00 ms.
Initialize engine version: 2022.3.12f1 (4fe6e059c7ef)
[Subsystems] Discovering subsystems at path C:/Program Files/Unity/Hub/Editor/2022.3.12f1/Editor/Data/Resources/UnitySubsystems
[Subsystems] Discovering subsystems at path D:/Unity/Swamp-Attack/Assets
GfxDevice: creating device client; threaded=0; jobified=0
Direct3D:
    Version:  Direct3D 11.0 [level 11.1]
    Renderer: NVIDIA GeForce RTX 3060 (ID=0x2544)
    Vendor:   NVIDIA
    VRAM:     8050 MB
    Driver:   31.0.15.4592
Initialize mono
Mono path[0] = 'C:/Program Files/Unity/Hub/Editor/2022.3.12f1/Editor/Data/Managed'
Mono path[1] = 'C:/Program Files/Unity/Hub/Editor/2022.3.12f1/Editor/Data/MonoBleedingEdge/lib/mono/unityjit-win32'
Mono config path = 'C:/Program Files/Unity/Hub/Editor/2022.3.12f1/Editor/Data/MonoBleedingEdge/etc'
Using monoOptions --debugger-agent=transport=dt_socket,embedding=1,server=y,suspend=n,address=127.0.0.1:56880
Begin MonoManager ReloadAssembly
Registering precompiled unity dll's ...
Register platform support module: C:/Program Files/Unity/Hub/Editor/2022.3.12f1/Editor/Data/PlaybackEngines/AndroidPlayer/UnityEditor.Android.Extensions.dll
Register platform support module: C:/Program Files/Unity/Hub/Editor/2022.3.12f1/Editor/Data/PlaybackEngines/WindowsStandaloneSupport/UnityEditor.WindowsStandalone.Extensions.dll
Registered in 0.006986 seconds.
- Loaded All Assemblies, in  0.444 seconds
Native extension for WindowsStandalone target not found
Native extension for Android target not found
Android Extension - Scanning For ADB Devices 422 ms
Mono: successfully reloaded assembly
- Finished resetting the current domain, in  0.803 seconds
Domain Reload Profiling: 1246ms
	BeginReloadAssembly (118ms)
		ExecutionOrderSort (0ms)
		DisableScriptedObjects (0ms)
		BackupInstance (0ms)
		ReleaseScriptingObjects (0ms)
		CreateAndSetChildDomain (1ms)
	RebuildCommonClasses (43ms)
	RebuildNativeTypeToScriptingClass (15ms)
	initialDomainReloadingComplete (63ms)
	LoadAllAssembliesAndSetupDomain (203ms)
		LoadAssemblies (118ms)
		RebuildTransferFunctionScriptingTraits (0ms)
		AnalyzeDomain (201ms)
			TypeCache.Refresh (199ms)
				TypeCache.ScanAssembly (185ms)
			ScanForSourceGeneratedMonoScriptInfo (1ms)
			ResolveRequiredComponents (1ms)
	FinalizeReload (803ms)
		ReleaseScriptCaches (0ms)
		RebuildScriptCaches (0ms)
		SetupLoadedEditorAssemblies (735ms)
			LogAssemblyErrors (0ms)
			InitializePlatformSupportModulesInManaged (553ms)
			SetLoadedEditorAssemblies (4ms)
			RefreshPlugins (0ms)
			BeforeProcessingInitializeOnLoad (2ms)
			ProcessInitializeOnLoadAttributes (119ms)
			ProcessInitializeOnLoadMethodAttributes (56ms)
			AfterProcessingInitializeOnLoad (0ms)
			EditorAssembliesLoaded (0ms)
		ExecutionOrderSort2 (0ms)
		AwakeInstancesAfterBackupRestoration (0ms)
========================================================================
Worker process is ready to serve import requests
Begin MonoManager ReloadAssembly
- Loaded All Assemblies, in  0.695 seconds
Refreshing native plugins compatible for Editor in 3.03 ms, found 4 plugins.
Native extension for WindowsStandalone target not found
Native extension for Android target not found
Package Manager log level set to [2]
[Package Manager] Server::EnsureServerProcessIsRunning -- launch failed, reason: Unity was launched with the -noUpm command-line argument
[Package Manager] UpmClient::Send -- Unable to send message (not connected to UPM process).
[Package Manager] Cannot connect to Unity Package Manager local server
Mono: successfully reloaded assembly
- Finished resetting the current domain, in  0.718 seconds
Domain Reload Profiling: 1412ms
	BeginReloadAssembly (162ms)
		ExecutionOrderSort (0ms)
		DisableScriptedObjects (7ms)
		BackupInstance (0ms)
		ReleaseScriptingObjects (0ms)
		CreateAndSetChildDomain (22ms)
	RebuildCommonClasses (40ms)
	RebuildNativeTypeToScriptingClass (14ms)
	initialDomainReloadingComplete (48ms)
	LoadAllAssembliesAndSetupDomain (429ms)
		LoadAssemblies (306ms)
		RebuildTransferFunctionScriptingTraits (0ms)
		AnalyzeDomain (217ms)
			TypeCache.Refresh (186ms)
				TypeCache.ScanAssembly (164ms)
			ScanForSourceGeneratedMonoScriptInfo (25ms)
			ResolveRequiredComponents (5ms)
	FinalizeReload (719ms)
		ReleaseScriptCaches (0ms)
		RebuildScriptCaches (0ms)
		SetupLoadedEditorAssemblies (531ms)
			LogAssemblyErrors (0ms)
			InitializePlatformSupportModulesInManaged (27ms)
			SetLoadedEditorAssemblies (4ms)
			RefreshPlugins (0ms)
			BeforeProcessingInitializeOnLoad (77ms)
			ProcessInitializeOnLoadAttributes (373ms)
			ProcessInitializeOnLoadMethodAttributes (47ms)
			AfterProcessingInitializeOnLoad (4ms)
			EditorAssembliesLoaded (0ms)
		ExecutionOrderSort2 (0ms)
		AwakeInstancesAfterBackupRestoration (7ms)
Launched and connected shader compiler UnityShaderCompiler.exe after 0.08 seconds
Refreshing native plugins compatible for Editor in 3.03 ms, found 4 plugins.
Preloading 0 native plugins for Editor in 0.00 ms.
Unloading 4032 Unused Serialized files (Serialized files now loaded: 0)
Unloading 70 unused Assets / (245.8 KB). Loaded Objects now: 4491.
Memory consumption went from 148.5 MB to 148.3 MB.
Total: 3.614000 ms (FindLiveObjects: 0.330100 ms CreateObjectMapping: 0.111100 ms MarkObjects: 2.948500 ms  DeleteObjects: 0.223400 ms)

AssetImportParameters requested are different than current active one (requested -> active):
  custom:container-demuxer-ogg: 62fdf1f143b41e24485cea50d1cbac27 -> 
  custom:video-decoder-ogg-theora: a1e56fd34408186e4bbccfd4996cb3dc -> 
  custom:framework-win-MediaFoundation: 216162199b28c13a410421893ffa2e32 -> 
  custom:CustomObjectIndexerAttribute: 756ad292c208cfabdd7b50bc23989ffe -> 
  custom:container-demuxer-webm: 4f35f7cbe854078d1ac9338744f61a02 -> 
  custom:scripting/monoscript/fileName/TargetDieNeetTransit.cs: f5a3b7f9b422de4985358492e613f1fd -> 
  custom:scripting/monoscript/fileName/Transition.cs: 2dc506b8007fa636ac73a1c2eb5ccaf4 -> 53b390f75def6dafb3a2d94c3a21f00d
  custom:container-muxer-webm: aa71ff27fc2769a1b78a27578f13a17b -> 
  custom:video-decoder-webm-vp8: 9c59270c3fd7afecdb556c50c9e8de78 -> 
  custom:SearchIndexIgnoredProperties: e643bd26f0fe6173181afceb89e7c659 -> 
  custom:AudioImporter_EditorPlatform: d09bf68614088b80899f8185d706f6e7 -> 
  custom:scripting/monoscript/fileName/Weapon.cs: d2c03d88643e955fa0e7245c8aa96513 -> 0b4d856b429b31aad65662a3c52c642a
  custom:scripting/monoscript/fileName/Rifle.cs: 7ae1a2db123e57b7ccbd93ce3e29ef30 -> 8df89a1dac93d07ca5e66a846722f727
  custom:video-encoder-webm-vp8: eb34c28f22e8b96e1ab97ce403110664 -> 
  custom:audio-decoder-ogg-vorbis: bf7c407c2cedff20999df2af8eb42d56 -> 
  custom:audio-encoder-webm-vorbis: bf7c407c2cedff20999df2af8eb42d56 -> 
========================================================================
Received Import Request.
  Time since last request: 1253732.867789 seconds.
  path: Assets/Sprits/SwampAttackAsset/CartoonViking/CartoonViking/IdleGun01/IdleGun01_08.png
  artifactKey: Guid(71632e0aeb18e614fa9c3e2b119790de) Importer(815301076,1909f56bfc062723c751e8b465ee728b)
Start importing Assets/Sprits/SwampAttackAsset/CartoonViking/CartoonViking/IdleGun01/IdleGun01_08.png using Guid(71632e0aeb18e614fa9c3e2b119790de) Importer(815301076,1909f56bfc062723c751e8b465ee728b)  -> (artifact id: '855270348d5163ccfe81c032e4eac8cd') in 0.096951 seconds
Number of updated asset objects reloaded before import = 0
Number of asset objects unloaded after import = 3
========================================================================
Received Import Request.
  Time since last request: 0.000031 seconds.
  path: Assets/Sprits/SwampAttackAsset/CartoonViking/CartoonViking/IdleGun01/IdleGun01_20.png
  artifactKey: Guid(b54a926ecfd76ae4bac5609e2a8ac47e) Importer(815301076,1909f56bfc062723c751e8b465ee728b)
Start importing Assets/Sprits/SwampAttackAsset/CartoonViking/CartoonViking/IdleGun01/IdleGun01_20.png using Guid(b54a926ecfd76ae4bac5609e2a8ac47e) Importer(815301076,1909f56bfc062723c751e8b465ee728b)  -> (artifact id: 'acc059077943b004de3e4f822ee8f01a') in 0.014306 seconds
Number of updated asset objects reloaded before import = 0
Number of asset objects unloaded after import = 3
========================================================================
Received Import Request.
  Time since last request: 0.000020 seconds.
  path: Assets/Sprits/SwampAttackAsset/CartoonViking/CartoonViking/IdleGun01/IdleGun01_19.png
  artifactKey: Guid(c2d6998166fe58f4f948f779234ef3e4) Importer(815301076,1909f56bfc062723c751e8b465ee728b)
Start importing Assets/Sprits/SwampAttackAsset/CartoonViking/CartoonViking/IdleGun01/IdleGun01_19.png using Guid(c2d6998166fe58f4f948f779234ef3e4) Importer(815301076,1909f56bfc062723c751e8b465ee728b)  -> (artifact id: 'eb911f36a8ce85388aaed8aa25b36acb') in 0.033580 seconds
Number of updated asset objects reloaded before import = 0
Number of asset objects unloaded after import = 3
========================================================================
Received Import Request.
  Time since last request: 0.000034 seconds.
  path: Assets/Sprits/SwampAttackAsset/CartoonViking/CartoonViking/IdleGun01/IdleGun01_14.png
  artifactKey: Guid(6200632ccc99efe419fa9a6c2e7784db) Importer(815301076,1909f56bfc062723c751e8b465ee728b)
Start importing Assets/Sprits/SwampAttackAsset/CartoonViking/CartoonViking/IdleGun01/IdleGun01_14.png using Guid(6200632ccc99efe419fa9a6c2e7784db) Importer(815301076,1909f56bfc062723c751e8b465ee728b)  -> (artifact id: '7a0c7d07fcc3ae26724a0eab61141ff7') in 0.029558 seconds
Number of updated asset objects reloaded before import = 0
Number of asset objects unloaded after import = 3
========================================================================
Received Import Request.
  Time since last request: 0.000019 seconds.
  path: Assets/Sprits/SwampAttackAsset/CartoonViking/CartoonViking/IdleGun01/IdleGun01_04.png
  artifactKey: Guid(a38d8f2417dbdec4da8bf866da44a606) Importer(815301076,1909f56bfc062723c751e8b465ee728b)
Start importing Assets/Sprits/SwampAttackAsset/CartoonViking/CartoonViking/IdleGun01/IdleGun01_04.png using Guid(a38d8f2417dbdec4da8bf866da44a606) Importer(815301076,1909f56bfc062723c751e8b465ee728b)  -> (artifact id: '6725df0b13f10a317c179949688f51a7') in 0.019769 seconds
Number of updated asset objects reloaded before import = 0
Number of asset objects unloaded after import = 3
========================================================================
Received Import Request.
  Time since last request: 0.000023 seconds.
  path: Assets/Sprits/SwampAttackAsset/CartoonViking/CartoonViking/IdleGun01/IdleGun01_18.png
  artifactKey: Guid(b30fb1f9715175b4ca88acc6bbd5bc9d) Importer(815301076,1909f56bfc062723c751e8b465ee728b)
Start importing Assets/Sprits/SwampAttackAsset/CartoonViking/CartoonViking/IdleGun01/IdleGun01_18.png using Guid(b30fb1f9715175b4ca88acc6bbd5bc9d) Importer(815301076,1909f56bfc062723c751e8b465ee728b)  -> (artifact id: 'e2c58754fc1b7ee43dabb45182259394') in 0.028525 seconds
Number of updated asset objects reloaded before import = 0
Number of asset objects unloaded after import = 3
========================================================================
Received Import Request.
  Time since last request: 0.000019 seconds.
  path: Assets/Sprits/SwampAttackAsset/CartoonViking/CartoonViking/IdleGun01/IdleGun01_15.png
  artifactKey: Guid(ede53160682ddc74fb1127ecfbd88d3b) Importer(815301076,1909f56bfc062723c751e8b465ee728b)
Start importing Assets/Sprits/SwampAttackAsset/CartoonViking/CartoonViking/IdleGun01/IdleGun01_15.png using Guid(ede53160682ddc74fb1127ecfbd88d3b) Importer(815301076,1909f56bfc062723c751e8b465ee728b)  -> (artifact id: '4820bc8d3a566c58c37f4c396ffdb95a') in 0.021316 seconds
Number of updated asset objects reloaded before import = 0
Number of asset objects unloaded after import = 3
========================================================================
Received Import Request.
  Time since last request: 37.148349 seconds.
  path: Assets/Sprits/SwampAttackAsset/CartoonViking/CartoonViking/Shoot01
  artifactKey: Guid(14057cab4b2ec6949a2fba3aa1af614d) Importer(815301076,1909f56bfc062723c751e8b465ee728b)
Start importing Assets/Sprits/SwampAttackAsset/CartoonViking/CartoonViking/Shoot01 using Guid(14057cab4b2ec6949a2fba3aa1af614d) Importer(815301076,1909f56bfc062723c751e8b465ee728b)  -> (artifact id: 'f4f7ca4fa836ebee4c867007cc33fc3e') in 0.000519 seconds
Number of updated asset objects reloaded before import = 0
Number of asset objects unloaded after import = 0
========================================================================
Received Import Request.
  Time since last request: 0.077485 seconds.
  path: Assets/Sprits/SwampAttackAsset/CartoonViking/CartoonViking/Shoot01/Shoot01_01.png
  artifactKey: Guid(5933fc5929e9f8044bbe28f3593b84e8) Importer(815301076,1909f56bfc062723c751e8b465ee728b)
Start importing Assets/Sprits/SwampAttackAsset/CartoonViking/CartoonViking/Shoot01/Shoot01_01.png using Guid(5933fc5929e9f8044bbe28f3593b84e8) Importer(815301076,1909f56bfc062723c751e8b465ee728b)  -> (artifact id: '4c495ca09c61cca27693c68c7596c4bb') in 0.029698 seconds
Number of updated asset objects reloaded before import = 0
Number of asset objects unloaded after import = 3
========================================================================
Received Import Request.
  Time since last request: 0.000020 seconds.
  path: Assets/Sprits/SwampAttackAsset/CartoonViking/CartoonViking/Shoot01/Shoot01_05.png
  artifactKey: Guid(dbedacfda94f2d741918ac5cae6db4a9) Importer(815301076,1909f56bfc062723c751e8b465ee728b)
Start importing Assets/Sprits/SwampAttackAsset/CartoonViking/CartoonViking/Shoot01/Shoot01_05.png using Guid(dbedacfda94f2d741918ac5cae6db4a9) Importer(815301076,1909f56bfc062723c751e8b465ee728b)  -> (artifact id: '14ffb1a2b65ff668cb320c4bb003b51d') in 0.016239 seconds
Number of updated asset objects reloaded before import = 0
Number of asset objects unloaded after import = 3
========================================================================
Received Import Request.
  Time since last request: 0.000659 seconds.
  path: Assets/Sprits/SwampAttackAsset/CartoonViking/CartoonViking/Shoot01/Shoot01_06.png
  artifactKey: Guid(77efdb9f848b13a40a65a0bef10f0bb7) Importer(815301076,1909f56bfc062723c751e8b465ee728b)
Start importing Assets/Sprits/SwampAttackAsset/CartoonViking/CartoonViking/Shoot01/Shoot01_06.png using Guid(77efdb9f848b13a40a65a0bef10f0bb7) Importer(815301076,1909f56bfc062723c751e8b465ee728b)  -> (artifact id: 'f9a0e8188a100caa9d1af2ef65a4a705') in 0.028313 seconds
Number of updated asset objects reloaded before import = 0
Number of asset objects unloaded after import = 3
========================================================================
Received Import Request.
  Time since last request: 7.998763 seconds.
  path: Assets/Sprits/SwampAttackAsset/CartoonViking/CartoonViking/Shoot01/Shoot01_02.png
  artifactKey: Guid(bb0342f4c7fd59d41bf40f1708508438) Importer(815301076,1909f56bfc062723c751e8b465ee728b)
Start importing Assets/Sprits/SwampAttackAsset/CartoonViking/CartoonViking/Shoot01/Shoot01_02.png using Guid(bb0342f4c7fd59d41bf40f1708508438) Importer(815301076,1909f56bfc062723c751e8b465ee728b)  -> (artifact id: 'a0beda745c7229df18cebce37ead2af1') in 0.015367 seconds
Number of updated asset objects reloaded before import = 0
Number of asset objects unloaded after import = 3
========================================================================
Received Import Request.
  Time since last request: 0.001539 seconds.
  path: Assets/Sprits/SwampAttackAsset/CartoonViking/CartoonViking/Shoot01/Shoot01_01.png
  artifactKey: Guid(5933fc5929e9f8044bbe28f3593b84e8) Importer(815301076,1909f56bfc062723c751e8b465ee728b)
Start importing Assets/Sprits/SwampAttackAsset/CartoonViking/CartoonViking/Shoot01/Shoot01_01.png using Guid(5933fc5929e9f8044bbe28f3593b84e8) Importer(815301076,1909f56bfc062723c751e8b465ee728b)  -> (artifact id: '9f8354dbea6ab5de4eeb359941cb4ad1') in 0.051149 seconds
Number of updated asset objects reloaded before import = 0
Number of asset objects unloaded after import = 3
========================================================================
Received Prepare
Begin MonoManager ReloadAssembly
- Loaded All Assemblies, in  0.652 seconds
Refreshing native plugins compatible for Editor in 3.58 ms, found 4 plugins.
Native extension for WindowsStandalone target not found
Native extension for Android target not found
[Package Manager] Server::EnsureServerProcessIsRunning -- launch failed, reason: Unity was launched with the -noUpm command-line argument
[Package Manager] UpmClient::Send -- Unable to send message (not connected to UPM process).
[Package Manager] Cannot connect to Unity Package Manager local server
Mono: successfully reloaded assembly
- Finished resetting the current domain, in  1.696 seconds
Domain Reload Profiling: 2346ms
	BeginReloadAssembly (200ms)
		ExecutionOrderSort (0ms)
		DisableScriptedObjects (16ms)
		BackupInstance (0ms)
		ReleaseScriptingObjects (0ms)
		CreateAndSetChildDomain (49ms)
	RebuildCommonClasses (53ms)
	RebuildNativeTypeToScriptingClass (16ms)
	initialDomainReloadingComplete (33ms)
	LoadAllAssembliesAndSetupDomain (348ms)
		LoadAssemblies (420ms)
		RebuildTransferFunctionScriptingTraits (0ms)
		AnalyzeDomain (31ms)
			TypeCache.Refresh (11ms)
				TypeCache.ScanAssembly (0ms)
			ScanForSourceGeneratedMonoScriptInfo (13ms)
			ResolveRequiredComponents (7ms)
	FinalizeReload (1696ms)
		ReleaseScriptCaches (0ms)
		RebuildScriptCaches (0ms)
		SetupLoadedEditorAssemblies (521ms)
			LogAssemblyErrors (0ms)
			InitializePlatformSupportModulesInManaged (33ms)
			SetLoadedEditorAssemblies (5ms)
			RefreshPlugins (0ms)
			BeforeProcessingInitializeOnLoad (87ms)
			ProcessInitializeOnLoadAttributes (346ms)
			ProcessInitializeOnLoadMethodAttributes (45ms)
			AfterProcessingInitializeOnLoad (6ms)
			EditorAssembliesLoaded (0ms)
		ExecutionOrderSort2 (0ms)
		AwakeInstancesAfterBackupRestoration (16ms)
Refreshing native plugins compatible for Editor in 3.55 ms, found 4 plugins.
Preloading 0 native plugins for Editor in 0.00 ms.
Unloading 4025 Unused Serialized files (Serialized files now loaded: 0)
Unloading 42 unused Assets / (217.7 KB). Loaded Objects now: 4501.
Memory consumption went from 148.2 MB to 148.0 MB.
Total: 3.905700 ms (FindLiveObjects: 0.384900 ms CreateObjectMapping: 0.110800 ms MarkObjects: 3.158000 ms  DeleteObjects: 0.250300 ms)

Prepare: number of updated asset objects reloaded= 0
AssetImportParameters requested are different than current active one (requested -> active):
  custom:container-demuxer-ogg: 62fdf1f143b41e24485cea50d1cbac27 -> 
  custom:video-decoder-ogg-theora: a1e56fd34408186e4bbccfd4996cb3dc -> 
  custom:framework-win-MediaFoundation: 216162199b28c13a410421893ffa2e32 -> 
  custom:CustomObjectIndexerAttribute: 756ad292c208cfabdd7b50bc23989ffe -> 
  custom:container-demuxer-webm: 4f35f7cbe854078d1ac9338744f61a02 -> 
  custom:scripting/monoscript/fileName/TargetDieNeetTransit.cs: f5a3b7f9b422de4985358492e613f1fd -> 
  custom:scripting/monoscript/fileName/Transition.cs: 2dc506b8007fa636ac73a1c2eb5ccaf4 -> 53b390f75def6dafb3a2d94c3a21f00d
  custom:container-muxer-webm: aa71ff27fc2769a1b78a27578f13a17b -> 
  custom:video-decoder-webm-vp8: 9c59270c3fd7afecdb556c50c9e8de78 -> 
  custom:SearchIndexIgnoredProperties: e643bd26f0fe6173181afceb89e7c659 -> 
  custom:AudioImporter_EditorPlatform: d09bf68614088b80899f8185d706f6e7 -> 
  custom:scripting/monoscript/fileName/Weapon.cs: d2c03d88643e955fa0e7245c8aa96513 -> 0b4d856b429b31aad65662a3c52c642a
  custom:scripting/monoscript/fileName/Rifle.cs: 7ae1a2db123e57b7ccbd93ce3e29ef30 -> 8df89a1dac93d07ca5e66a846722f727
  custom:video-encoder-webm-vp8: eb34c28f22e8b96e1ab97ce403110664 -> 
  custom:audio-decoder-ogg-vorbis: bf7c407c2cedff20999df2af8eb42d56 -> 
  custom:audio-encoder-webm-vorbis: bf7c407c2cedff20999df2af8eb42d56 -> 
========================================================================
Received Prepare
Begin MonoManager ReloadAssembly
- Loaded All Assemblies, in  0.575 seconds
Refreshing native plugins compatible for Editor in 3.44 ms, found 4 plugins.
Native extension for WindowsStandalone target not found
Native extension for Android target not found
[Package Manager] Server::EnsureServerProcessIsRunning -- launch failed, reason: Unity was launched with the -noUpm command-line argument
[Package Manager] UpmClient::Send -- Unable to send message (not connected to UPM process).
[Package Manager] Cannot connect to Unity Package Manager local server
Mono: successfully reloaded assembly
- Finished resetting the current domain, in  1.525 seconds
Domain Reload Profiling: 2099ms
	BeginReloadAssembly (186ms)
		ExecutionOrderSort (0ms)
		DisableScriptedObjects (14ms)
		BackupInstance (0ms)
		ReleaseScriptingObjects (0ms)
		CreateAndSetChildDomain (43ms)
	RebuildCommonClasses (44ms)
	RebuildNativeTypeToScriptingClass (15ms)
	initialDomainReloadingComplete (34ms)
	LoadAllAssembliesAndSetupDomain (294ms)
		LoadAssemblies (379ms)
		RebuildTransferFunctionScriptingTraits (0ms)
		AnalyzeDomain (14ms)
			TypeCache.Refresh (7ms)
				TypeCache.ScanAssembly (0ms)
			ScanForSourceGeneratedMonoScriptInfo (0ms)
			ResolveRequiredComponents (6ms)
	FinalizeReload (1525ms)
		ReleaseScriptCaches (0ms)
		RebuildScriptCaches (0ms)
		SetupLoadedEditorAssemblies (569ms)
			LogAssemblyErrors (0ms)
			InitializePlatformSupportModulesInManaged (29ms)
			SetLoadedEditorAssemblies (5ms)
			RefreshPlugins (0ms)
			BeforeProcessingInitializeOnLoad (82ms)
			ProcessInitializeOnLoadAttributes (395ms)
			ProcessInitializeOnLoadMethodAttributes (52ms)
			AfterProcessingInitializeOnLoad (5ms)
			EditorAssembliesLoaded (0ms)
		ExecutionOrderSort2 (0ms)
		AwakeInstancesAfterBackupRestoration (19ms)
Refreshing native plugins compatible for Editor in 3.81 ms, found 4 plugins.
Preloading 0 native plugins for Editor in 0.00 ms.
Unloading 4026 Unused Serialized files (Serialized files now loaded: 0)
Unloading 42 unused Assets / (218.0 KB). Loaded Objects now: 4505.
Memory consumption went from 150.4 MB to 150.2 MB.
Total: 4.592200 ms (FindLiveObjects: 0.416700 ms CreateObjectMapping: 0.174600 ms MarkObjects: 3.785100 ms  DeleteObjects: 0.214800 ms)

Prepare: number of updated asset objects reloaded= 0
AssetImportParameters requested are different than current active one (requested -> active):
  custom:container-demuxer-ogg: 62fdf1f143b41e24485cea50d1cbac27 -> 
  custom:video-decoder-ogg-theora: a1e56fd34408186e4bbccfd4996cb3dc -> 
  custom:framework-win-MediaFoundation: 216162199b28c13a410421893ffa2e32 -> 
  custom:CustomObjectIndexerAttribute: 756ad292c208cfabdd7b50bc23989ffe -> 
  custom:container-demuxer-webm: 4f35f7cbe854078d1ac9338744f61a02 -> 
  custom:scripting/monoscript/fileName/TargetDieNeetTransit.cs: f5a3b7f9b422de4985358492e613f1fd -> 
  custom:scripting/monoscript/fileName/Transition.cs: 2dc506b8007fa636ac73a1c2eb5ccaf4 -> 53b390f75def6dafb3a2d94c3a21f00d
  custom:container-muxer-webm: aa71ff27fc2769a1b78a27578f13a17b -> 
  custom:video-decoder-webm-vp8: 9c59270c3fd7afecdb556c50c9e8de78 -> 
  custom:SearchIndexIgnoredProperties: e643bd26f0fe6173181afceb89e7c659 -> 
  custom:AudioImporter_EditorPlatform: d09bf68614088b80899f8185d706f6e7 -> 
  custom:scripting/monoscript/fileName/Weapon.cs: d2c03d88643e955fa0e7245c8aa96513 -> 0b4d856b429b31aad65662a3c52c642a
  custom:scripting/monoscript/fileName/Rifle.cs: 7ae1a2db123e57b7ccbd93ce3e29ef30 -> 8df89a1dac93d07ca5e66a846722f727
  custom:video-encoder-webm-vp8: eb34c28f22e8b96e1ab97ce403110664 -> 
  custom:audio-decoder-ogg-vorbis: bf7c407c2cedff20999df2af8eb42d56 -> 
  custom:audio-encoder-webm-vorbis: bf7c407c2cedff20999df2af8eb42d56 -> 
========================================================================
Received Prepare
Begin MonoManager ReloadAssembly
- Loaded All Assemblies, in  0.491 seconds
Refreshing native plugins compatible for Editor in 3.08 ms, found 4 plugins.
Native extension for WindowsStandalone target not found
Native extension for Android target not found
[Package Manager] Server::EnsureServerProcessIsRunning -- launch failed, reason: Unity was launched with the -noUpm command-line argument
[Package Manager] UpmClient::Send -- Unable to send message (not connected to UPM process).
[Package Manager] Cannot connect to Unity Package Manager local server
Mono: successfully reloaded assembly
- Finished resetting the current domain, in  1.004 seconds
Domain Reload Profiling: 1493ms
	BeginReloadAssembly (178ms)
		ExecutionOrderSort (0ms)
		DisableScriptedObjects (15ms)
		BackupInstance (0ms)
		ReleaseScriptingObjects (0ms)
		CreateAndSetChildDomain (40ms)
	RebuildCommonClasses (46ms)
	RebuildNativeTypeToScriptingClass (16ms)
	initialDomainReloadingComplete (32ms)
	LoadAllAssembliesAndSetupDomain (217ms)
		LoadAssemblies (296ms)
		RebuildTransferFunctionScriptingTraits (0ms)
		AnalyzeDomain (14ms)
			TypeCache.Refresh (6ms)
				TypeCache.ScanAssembly (0ms)
			ScanForSourceGeneratedMonoScriptInfo (0ms)
			ResolveRequiredComponents (6ms)
	FinalizeReload (1004ms)
		ReleaseScriptCaches (0ms)
		RebuildScriptCaches (0ms)
		SetupLoadedEditorAssemblies (473ms)
			LogAssemblyErrors (0ms)
			InitializePlatformSupportModulesInManaged (27ms)
			SetLoadedEditorAssemblies (4ms)
			RefreshPlugins (0ms)
			BeforeProcessingInitializeOnLoad (79ms)
			ProcessInitializeOnLoadAttributes (318ms)
			ProcessInitializeOnLoadMethodAttributes (41ms)
			AfterProcessingInitializeOnLoad (4ms)
			EditorAssembliesLoaded (0ms)
		ExecutionOrderSort2 (0ms)
		AwakeInstancesAfterBackupRestoration (16ms)
Refreshing native plugins compatible for Editor in 4.01 ms, found 4 plugins.
Preloading 0 native plugins for Editor in 0.00 ms.
Unloading 4026 Unused Serialized files (Serialized files now loaded: 0)
Unloading 42 unused Assets / (217.2 KB). Loaded Objects now: 4509.
Memory consumption went from 152.3 MB to 152.1 MB.
Total: 4.312900 ms (FindLiveObjects: 0.432300 ms CreateObjectMapping: 0.151500 ms MarkObjects: 3.511700 ms  DeleteObjects: 0.216200 ms)

Prepare: number of updated asset objects reloaded= 0
AssetImportParameters requested are different than current active one (requested -> active):
  custom:container-demuxer-ogg: 62fdf1f143b41e24485cea50d1cbac27 -> 
  custom:video-decoder-ogg-theora: a1e56fd34408186e4bbccfd4996cb3dc -> 
  custom:framework-win-MediaFoundation: 216162199b28c13a410421893ffa2e32 -> 
  custom:CustomObjectIndexerAttribute: 756ad292c208cfabdd7b50bc23989ffe -> 
  custom:container-demuxer-webm: 4f35f7cbe854078d1ac9338744f61a02 -> 
  custom:scripting/monoscript/fileName/TargetDieNeetTransit.cs: f5a3b7f9b422de4985358492e613f1fd -> 
  custom:scripting/monoscript/fileName/Transition.cs: 2dc506b8007fa636ac73a1c2eb5ccaf4 -> 53b390f75def6dafb3a2d94c3a21f00d
  custom:container-muxer-webm: aa71ff27fc2769a1b78a27578f13a17b -> 
  custom:video-decoder-webm-vp8: 9c59270c3fd7afecdb556c50c9e8de78 -> 
  custom:SearchIndexIgnoredProperties: e643bd26f0fe6173181afceb89e7c659 -> 
  custom:AudioImporter_EditorPlatform: d09bf68614088b80899f8185d706f6e7 -> 
  custom:scripting/monoscript/fileName/Weapon.cs: d2c03d88643e955fa0e7245c8aa96513 -> 0b4d856b429b31aad65662a3c52c642a
  custom:scripting/monoscript/fileName/Rifle.cs: 7ae1a2db123e57b7ccbd93ce3e29ef30 -> 8df89a1dac93d07ca5e66a846722f727
  custom:video-encoder-webm-vp8: eb34c28f22e8b96e1ab97ce403110664 -> 
  custom:audio-decoder-ogg-vorbis: bf7c407c2cedff20999df2af8eb42d56 -> 
  custom:audio-encoder-webm-vorbis: bf7c407c2cedff20999df2af8eb42d56 -> 
